This file contains any messages produced by compilers while
running configure, to aid debugging if configure makes a mistake.

It was created by configure, which was
generated by GNU Autoconf 2.64.  Invocation command line was

  $ /home/kramer/sparcmt/lib/sim/disasm/binutils-2.22/gprof/configure --cache-file=./config.cache --with-gnu-as --with-gnu-ld --with-system-zlib --prefix=/home/kramer/sparc-linux-binutil --enable-shared --program-transform-name=s&^&sparc-linux-& --disable-option-checking --build=x86_64-unknown-linux-gnu --host=x86_64-unknown-linux-gnu --target=sparc-linux --srcdir=.././gprof

## --------- ##
## Platform. ##
## --------- ##

hostname = yang
uname -m = x86_64
uname -r = 2.6.32-358.14.1.el6.x86_64
uname -s = Linux
uname -v = #1 SMP Tue Jul 16 23:51:20 UTC 2013

/usr/bin/uname -p = unknown
/bin/uname -X     = unknown

/bin/arch              = x86_64
/usr/bin/arch -k       = unknown
/usr/convex/getsysinfo = unknown
/usr/bin/hostinfo      = unknown
/bin/machine           = unknown
/usr/bin/oslevel       = unknown
/bin/universe          = unknown

PATH: /usr/lib64/qt-3.3/bin
PATH: /usr/NX/bin
PATH: /usr/local/bin
PATH: /bin
PATH: /usr/bin
PATH: /usr/local/sbin
PATH: /usr/sbin
PATH: /sbin
PATH: /stow/repository/sparc-ros-gcc/bin
PATH: /stow/repository/ramp-sim/bin
PATH: /stow/repository/ramp-sim/rampbin
PATH: /opt/modelsim/modeltech/bin
PATH: /opt/Xilinx/14.2/ISE_DS/ISE/bin/lin64
PATH: /opt/synplify-2010.09-1/bin
PATH: /opt/cplex
PATH: /home/kramer/bin
PATH: /stow/repository/sparc-ros-gcc/bin
PATH: /stow/repository/ramp-sim/bin
PATH: /stow/repository/ramp-sim/rampbin
PATH: /opt/modelsim/modeltech/bin
PATH: /opt/Xilinx/14.2/ISE_DS/ISE/bin/lin64
PATH: /opt/synplify-2010.09-1/bin
PATH: /opt/cplex
PATH: /home/kramer/bin


## ----------- ##
## Core tests. ##
## ----------- ##

configure:2116: creating cache ./config.cache
configure:2221: checking build system type
configure:2235: result: x86_64-unknown-linux-gnu
configure:2255: checking host system type
configure:2268: result: x86_64-unknown-linux-gnu
configure:2288: checking target system type
configure:2301: result: sparc-unknown-linux-gnu
configure:2335: checking for x86_64-unknown-linux-gnu-gcc
configure:2362: result: gcc
configure:2631: checking for C compiler version
configure:2640: gcc --version >&5
gcc (GCC) 4.4.7 20120313 (Red Hat 4.4.7-3)
Copyright (C) 2010 Free Software Foundation, Inc.
This is free software; see the source for copying conditions.  There is NO
warranty; not even for MERCHANTABILITY or FITNESS FOR A PARTICULAR PURPOSE.

configure:2651: $? = 0
configure:2640: gcc -v >&5
Using built-in specs.
Target: x86_64-redhat-linux
Configured with: ../configure --prefix=/usr --mandir=/usr/share/man --infodir=/usr/share/info --with-bugurl=http://bugzilla.redhat.com/bugzilla --enable-bootstrap --enable-shared --enable-threads=posix --enable-checking=release --with-system-zlib --enable-__cxa_atexit --disable-libunwind-exceptions --enable-gnu-unique-object --enable-languages=c,c++,objc,obj-c++,java,fortran,ada --enable-java-awt=gtk --disable-dssi --with-java-home=/usr/lib/jvm/java-1.5.0-gcj-1.5.0.0/jre --enable-libgcj-multifile --enable-java-maintainer-mode --with-ecj-jar=/usr/share/java/eclipse-ecj.jar --disable-libjava-multilib --with-ppl --with-cloog --with-tune=generic --with-arch_32=i686 --build=x86_64-redhat-linux
Thread model: posix
gcc version 4.4.7 20120313 (Red Hat 4.4.7-3) (GCC) 
configure:2651: $? = 0
configure:2640: gcc -V >&5
gcc: '-V' option must have argument
configure:2651: $? = 1
configure:2640: gcc -qversion >&5
gcc: unrecognized option '-qversion'
gcc: no input files
configure:2651: $? = 1
configure:2671: checking for C compiler default output file name
configure:2693: gcc -g -O2    conftest.c  >&5
configure:2697: $? = 0
configure:2734: result: a.out
configure:2750: checking whether the C compiler works
configure:2759: ./a.out
configure:2763: $? = 0
configure:2778: result: yes
configure:2785: checking whether we are cross compiling
configure:2787: result: no
configure:2790: checking for suffix of executables
configure:2797: gcc -o conftest -g -O2    conftest.c  >&5
configure:2801: $? = 0
configure:2823: result: 
configure:2829: checking for suffix of object files
configure:2851: gcc -c -g -O2  conftest.c >&5
configure:2855: $? = 0
configure:2876: result: o
configure:2880: checking whether we are using the GNU C compiler
configure:2899: gcc -c -g -O2  conftest.c >&5
configure:2899: $? = 0
configure:2908: result: yes
configure:2917: checking whether gcc accepts -g
configure:2937: gcc -c -g  conftest.c >&5
configure:2937: $? = 0
configure:2978: result: yes
configure:2995: checking for gcc option to accept ISO C89
configure:3059: gcc  -c -g -O2  conftest.c >&5
configure:3059: $? = 0
configure:3072: result: none needed
configure:3093: checking for library containing strerror
configure:3124: gcc -o conftest -g -O2    conftest.c  >&5
configure:3124: $? = 0
configure:3141: result: none required
configure:3167: checking for a BSD-compatible install
configure:3235: result: /usr/bin/install -c
configure:3246: checking whether build environment is sane
configure:3296: result: yes
configure:3437: checking for a thread-safe mkdir -p
configure:3476: result: /bin/mkdir -p
configure:3489: checking for gawk
configure:3516: result: gawk
configure:3527: checking whether make sets $(MAKE)
configure:3549: result: yes
configure:3579: checking for style of include used by make
configure:3607: result: GNU
configure:3692: checking dependency style of gcc
configure:3802: result: gcc3
configure:3830: checking for x86_64-unknown-linux-gnu-gcc
configure:3857: result: gcc
configure:4126: checking for C compiler version
configure:4135: gcc --version >&5
gcc (GCC) 4.4.7 20120313 (Red Hat 4.4.7-3)
Copyright (C) 2010 Free Software Foundation, Inc.
This is free software; see the source for copying conditions.  There is NO
warranty; not even for MERCHANTABILITY or FITNESS FOR A PARTICULAR PURPOSE.

configure:4146: $? = 0
configure:4135: gcc -v >&5
Using built-in specs.
Target: x86_64-redhat-linux
Configured with: ../configure --prefix=/usr --mandir=/usr/share/man --infodir=/usr/share/info --with-bugurl=http://bugzilla.redhat.com/bugzilla --enable-bootstrap --enable-shared --enable-threads=posix --enable-checking=release --with-system-zlib --enable-__cxa_atexit --disable-libunwind-exceptions --enable-gnu-unique-object --enable-languages=c,c++,objc,obj-c++,java,fortran,ada --enable-java-awt=gtk --disable-dssi --with-java-home=/usr/lib/jvm/java-1.5.0-gcj-1.5.0.0/jre --enable-libgcj-multifile --enable-java-maintainer-mode --with-ecj-jar=/usr/share/java/eclipse-ecj.jar --disable-libjava-multilib --with-ppl --with-cloog --with-tune=generic --with-arch_32=i686 --build=x86_64-redhat-linux
Thread model: posix
gcc version 4.4.7 20120313 (Red Hat 4.4.7-3) (GCC) 
configure:4146: $? = 0
configure:4135: gcc -V >&5
gcc: '-V' option must have argument
configure:4146: $? = 1
configure:4135: gcc -qversion >&5
gcc: unrecognized option '-qversion'
gcc: no input files
configure:4146: $? = 1
configure:4150: checking whether we are using the GNU C compiler
configure:4178: result: yes
configure:4187: checking whether gcc accepts -g
configure:4248: result: yes
configure:4265: checking for gcc option to accept ISO C89
configure:4342: result: none needed
configure:4367: checking how to run the C preprocessor
configure:4398: gcc -E  conftest.c
configure:4398: $? = 0
configure:4412: gcc -E  conftest.c
conftest.c:11:28: error: ac_nonexistent.h: No such file or directory
configure:4412: $? = 1
configure: failed program was:
| /* confdefs.h */
| #define PACKAGE_NAME ""
| #define PACKAGE_TARNAME ""
| #define PACKAGE_VERSION ""
| #define PACKAGE_STRING ""
| #define PACKAGE_BUGREPORT ""
| #define PACKAGE_URL ""
| #define PACKAGE "gprof"
| #define VERSION "2.22"
| /* end confdefs.h.  */
| #include <ac_nonexistent.h>
configure:4437: result: gcc -E
configure:4457: gcc -E  conftest.c
configure:4457: $? = 0
configure:4471: gcc -E  conftest.c
conftest.c:11:28: error: ac_nonexistent.h: No such file or directory
configure:4471: $? = 1
configure: failed program was:
| /* confdefs.h */
| #define PACKAGE_NAME ""
| #define PACKAGE_TARNAME ""
| #define PACKAGE_VERSION ""
| #define PACKAGE_STRING ""
| #define PACKAGE_BUGREPORT ""
| #define PACKAGE_URL ""
| #define PACKAGE "gprof"
| #define VERSION "2.22"
| /* end confdefs.h.  */
| #include <ac_nonexistent.h>
configure:4500: checking for grep that handles long lines and -e
configure:4558: result: /bin/grep
configure:4563: checking for egrep
configure:4625: result: /bin/grep -E
configure:4630: checking for ANSI C header files
configure:4650: gcc -c -g -O2  conftest.c >&5
configure:4650: $? = 0
configure:4723: gcc -o conftest -g -O2    conftest.c  >&5
configure:4723: $? = 0
configure:4723: ./conftest
configure:4723: $? = 0
configure:4734: result: yes
configure:4747: checking for sys/types.h
configure:4747: gcc -c -g -O2  conftest.c >&5
configure:4747: $? = 0
configure:4747: result: yes
configure:4747: checking for sys/stat.h
configure:4747: gcc -c -g -O2  conftest.c >&5
configure:4747: $? = 0
configure:4747: result: yes
configure:4747: checking for stdlib.h
configure:4747: gcc -c -g -O2  conftest.c >&5
configure:4747: $? = 0
configure:4747: result: yes
configure:4747: checking for string.h
configure:4747: gcc -c -g -O2  conftest.c >&5
configure:4747: $? = 0
configure:4747: result: yes
configure:4747: checking for memory.h
configure:4747: gcc -c -g -O2  conftest.c >&5
configure:4747: $? = 0
configure:4747: result: yes
configure:4747: checking for strings.h
configure:4747: gcc -c -g -O2  conftest.c >&5
configure:4747: $? = 0
configure:4747: result: yes
configure:4747: checking for inttypes.h
configure:4747: gcc -c -g -O2  conftest.c >&5
configure:4747: $? = 0
configure:4747: result: yes
configure:4747: checking for stdint.h
configure:4747: gcc -c -g -O2  conftest.c >&5
configure:4747: $? = 0
configure:4747: result: yes
configure:4747: checking for unistd.h
configure:4747: gcc -c -g -O2  conftest.c >&5
configure:4747: $? = 0
configure:4747: result: yes
configure:4761: checking minix/config.h usability
configure:4761: gcc -c -g -O2  conftest.c >&5
conftest.c:54:26: error: minix/config.h: No such file or directory
configure:4761: $? = 1
configure: failed program was:
| /* confdefs.h */
| #define PACKAGE_NAME ""
| #define PACKAGE_TARNAME ""
| #define PACKAGE_VERSION ""
| #define PACKAGE_STRING ""
| #define PACKAGE_BUGREPORT ""
| #define PACKAGE_URL ""
| #define PACKAGE "gprof"
| #define VERSION "2.22"
| #define STDC_HEADERS 1
| #define HAVE_SYS_TYPES_H 1
| #define HAVE_SYS_STAT_H 1
| #define HAVE_STDLIB_H 1
| #define HAVE_STRING_H 1
| #define HAVE_MEMORY_H 1
| #define HAVE_STRINGS_H 1
| #define HAVE_INTTYPES_H 1
| #define HAVE_STDINT_H 1
| #define HAVE_UNISTD_H 1
| /* end confdefs.h.  */
| #include <stdio.h>
| #ifdef HAVE_SYS_TYPES_H
| # include <sys/types.h>
| #endif
| #ifdef HAVE_SYS_STAT_H
| # include <sys/stat.h>
| #endif
| #ifdef STDC_HEADERS
| # include <stdlib.h>
| # include <stddef.h>
| #else
| # ifdef HAVE_STDLIB_H
| #  include <stdlib.h>
| # endif
| #endif
| #ifdef HAVE_STRING_H
| # if !defined STDC_HEADERS && defined HAVE_MEMORY_H
| #  include <memory.h>
| # endif
| # include <string.h>
| #endif
| #ifdef HAVE_STRINGS_H
| # include <strings.h>
| #endif
| #ifdef HAVE_INTTYPES_H
| # include <inttypes.h>
| #endif
| #ifdef HAVE_STDINT_H
| # include <stdint.h>
| #endif
| #ifdef HAVE_UNISTD_H
| # include <unistd.h>
| #endif
| #include <minix/config.h>
configure:4761: result: no
configure:4761: checking minix/config.h presence
configure:4761: gcc -E  conftest.c
conftest.c:21:26: error: minix/config.h: No such file or directory
configure:4761: $? = 1
configure: failed program was:
| /* confdefs.h */
| #define PACKAGE_NAME ""
| #define PACKAGE_TARNAME ""
| #define PACKAGE_VERSION ""
| #define PACKAGE_STRING ""
| #define PACKAGE_BUGREPORT ""
| #define PACKAGE_URL ""
| #define PACKAGE "gprof"
| #define VERSION "2.22"
| #define STDC_HEADERS 1
| #define HAVE_SYS_TYPES_H 1
| #define HAVE_SYS_STAT_H 1
| #define HAVE_STDLIB_H 1
| #define HAVE_STRING_H 1
| #define HAVE_MEMORY_H 1
| #define HAVE_STRINGS_H 1
| #define HAVE_INTTYPES_H 1
| #define HAVE_STDINT_H 1
| #define HAVE_UNISTD_H 1
| /* end confdefs.h.  */
| #include <minix/config.h>
configure:4761: result: no
configure:4761: checking for minix/config.h
configure:4761: result: no
configure:4782: checking whether it is safe to define __EXTENSIONS__
configure:4800: gcc -c -g -O2  conftest.c >&5
configure:4800: $? = 0
configure:4807: result: yes
configure:4866: checking for special C compiler options needed for large files
configure:4911: result: no
configure:4917: checking for _FILE_OFFSET_BITS value needed for large files
configure:4942: gcc -c -g -O2  conftest.c >&5
configure:4942: $? = 0
configure:4974: result: no
configure:5106: checking how to print strings
configure:5133: result: printf
configure:5154: checking for a sed that does not truncate output
configure:5218: result: /bin/sed
configure:5236: checking for fgrep
configure:5298: result: /bin/grep -F
configure:5333: checking for ld used by gcc
configure:5400: result: ld
configure:5407: checking if the linker (ld) is GNU ld
configure:5422: result: yes
configure:5434: checking for BSD- or MS-compatible name lister (nm)
configure:5483: result: nm
configure:5613: checking the name lister (nm) interface
configure:5620: gcc -c -g -O2  conftest.c >&5
configure:5623: nm "conftest.o"
configure:5626: output
0000000000000000 B some_variable
configure:5633: result: BSD nm
configure:5636: checking whether ln -s works
configure:5640: result: yes
configure:5648: checking the maximum length of command line arguments
configure:5773: result: 1966080
configure:5790: checking whether the shell understands some XSI constructs
configure:5800: result: yes
configure:5804: checking whether the shell understands "+="
configure:5810: result: yes
configure:5845: checking for ld option to reload object files
configure:5852: result: -r
configure:5881: checking for x86_64-unknown-linux-gnu-objdump
configure:5908: result: objdump
configure:5980: checking how to recognize dependent libraries
configure:6181: result: pass_all
configure:6201: checking for x86_64-unknown-linux-gnu-ar
configure:6228: result: ar
configure:6306: checking for x86_64-unknown-linux-gnu-strip
configure:6336: result: no
configure:6346: checking for strip
configure:6362: found /usr/bin/strip
configure:6373: result: strip
configure:6405: checking for x86_64-unknown-linux-gnu-ranlib
configure:6432: result: ranlib
configure:6574: checking command to parse nm output from gcc object
configure:6692: gcc -c -g -O2  conftest.c >&5
configure:6695: $? = 0
configure:6699: nm conftest.o \| sed -n -e 's/^.*[ ]\([ABCDGIRSTW][ABCDGIRSTW]*\)[ ][ ]*\([_A-Za-z][_A-Za-z0-9]*\)$/\1 \2 \2/p' \> conftest.nm
configure:6702: $? = 0
configure:6756: gcc -o conftest -g -O2    conftest.c conftstm.o >&5
configure:6759: $? = 0
configure:6797: result: ok
configure:6892: gcc -c -g -O2  conftest.c >&5
configure:6895: $? = 0
configure:7632: checking for dlfcn.h
configure:7632: gcc -c -g -O2  conftest.c >&5
configure:7632: $? = 0
configure:7632: result: yes
configure:7819: checking for objdir
configure:7834: result: .libs
configure:8105: checking if gcc supports -fno-rtti -fno-exceptions
configure:8123: gcc -c -g -O2  -fno-rtti -fno-exceptions conftest.c >&5
cc1: warning: command line option "-fno-rtti" is valid for C++/ObjC++ but not for C
configure:8127: $? = 0
configure:8140: result: no
configure:8160: checking for gcc option to produce PIC
configure:8445: result: -fPIC -DPIC
configure:8457: checking if gcc PIC flag -fPIC -DPIC works
configure:8475: gcc -c -g -O2  -fPIC -DPIC -DPIC conftest.c >&5
configure:8479: $? = 0
configure:8492: result: yes
configure:8516: checking if gcc static flag -static works
configure:8544: result: no
configure:8559: checking if gcc supports -c -o file.o
configure:8580: gcc -c -g -O2  -o out/conftest2.o conftest.c >&5
configure:8584: $? = 0
configure:8606: result: yes
configure:8614: checking if gcc supports -c -o file.o
configure:8661: result: yes
configure:8694: checking whether the gcc linker (ld -m elf_x86_64) supports shared libraries
configure:9765: result: yes
configure:9802: checking whether -lc should be explicitly linked in
configure:9810: gcc -c -g -O2  conftest.c >&5
configure:9813: $? = 0
configure:9828: gcc -shared conftest.o  -v -Wl,-soname -Wl,conftest -o conftest 2\>\&1 \| /bin/grep  -lc  \>/dev/null 2\>\&1
configure:9831: $? = 0
configure:9845: result: no
configure:10010: checking dynamic linker characteristics
configure:10461: gcc -o conftest -g -O2    -Wl,-rpath -Wl,/foo conftest.c  >&5
configure:10461: $? = 0
configure:10683: result: GNU/Linux ld.so
configure:10790: checking how to hardcode library paths into programs
configure:10815: result: immediate
configure:11355: checking whether stripping libraries is possible
configure:11360: result: yes
configure:11395: checking if libtool supports shared libraries
configure:11397: result: yes
configure:11400: checking whether to build shared libraries
configure:11421: result: yes
configure:11424: checking whether to build static libraries
configure:11428: result: yes
configure:11466: checking for setmode
configure:11466: gcc -o conftest -g -O2    conftest.c  >&5
/tmp/ccXdDQhJ.o: In function `main':
/home/kramer/sparcmt/lib/sim/disasm/binutils-2.22/gprof/conftest.c:62: undefined reference to `setmode'
collect2: ld returned 1 exit status
configure:11466: $? = 1
configure: failed program was:
| /* confdefs.h */
| #define PACKAGE_NAME ""
| #define PACKAGE_TARNAME ""
| #define PACKAGE_VERSION ""
| #define PACKAGE_STRING ""
| #define PACKAGE_BUGREPORT ""
| #define PACKAGE_URL ""
| #define PACKAGE "gprof"
| #define VERSION "2.22"
| #define STDC_HEADERS 1
| #define HAVE_SYS_TYPES_H 1
| #define HAVE_SYS_STAT_H 1
| #define HAVE_STDLIB_H 1
| #define HAVE_STRING_H 1
| #define HAVE_MEMORY_H 1
| #define HAVE_STRINGS_H 1
| #define HAVE_INTTYPES_H 1
| #define HAVE_STDINT_H 1
| #define HAVE_UNISTD_H 1
| #define __EXTENSIONS__ 1
| #define _ALL_SOURCE 1
| #define _GNU_SOURCE 1
| #define _POSIX_PTHREAD_SEMANTICS 1
| #define _TANDEM_SOURCE 1
| #define HAVE_DLFCN_H 1
| #define LT_OBJDIR ".libs/"
| /* end confdefs.h.  */
| /* Define setmode to an innocuous variant, in case <limits.h> declares setmode.
|    For example, HP-UX 11i <limits.h> declares gettimeofday.  */
| #define setmode innocuous_setmode
| 
| /* System header to define __stub macros and hopefully few prototypes,
|     which can conflict with char setmode (); below.
|     Prefer <limits.h> to <assert.h> if __STDC__ is defined, since
|     <limits.h> exists even on freestanding compilers.  */
| 
| #ifdef __STDC__
| # include <limits.h>
| #else
| # include <assert.h>
| #endif
| 
| #undef setmode
| 
| /* Override any GCC internal prototype to avoid an error.
|    Use char because int might match the return type of a GCC
|    builtin and then its argument prototype would still apply.  */
| #ifdef __cplusplus
| extern "C"
| #endif
| char setmode ();
| /* The GNU C library defines this for functions which it implements
|     to always fail with ENOSYS.  Some functions are actually named
|     something starting with __ and the normal name is an alias.  */
| #if defined __stub_setmode || defined __stub___setmode
| choke me
| #endif
| 
| int
| main ()
| {
| return setmode ();
|   ;
|   return 0;
| }
configure:11466: result: no
configure:11490: checking whether NLS is requested
configure:11496: result: yes
configure:11502: checking for catalogs to be installed
configure:11534: result:  bg da de eo es fi fr ga id ms nl pt_BR ro ru rw sv tr vi bg da de eo es fi fr ga id ms nl pt_BR ro ru rw sv tr vi
configure:11561: checking whether NLS is requested
configure:11570: result: yes
configure:11608: checking for msgfmt
configure:11639: result: /usr/bin/msgfmt
configure:11648: checking for gmsgfmt
configure:11679: result: /usr/bin/msgfmt
configure:11719: checking for xgettext
configure:11750: result: /usr/bin/xgettext
configure:11790: checking for msgmerge
configure:11820: result: /usr/bin/msgmerge
configure:11857: checking whether to enable maintainer-specific portions of Makefiles
configure:11866: result: no
configure:11891: checking sys/gmon_out.h usability
configure:11891: gcc -c -g -O2  conftest.c >&5
configure:11891: $? = 0
configure:11891: result: yes
configure:11891: checking sys/gmon_out.h presence
configure:11891: gcc -E  conftest.c
configure:11891: $? = 0
configure:11891: result: yes
configure:11891: checking for sys/gmon_out.h
configure:11891: result: yes
configure:11902: checking for a known getopt prototype in unistd.h
configure:11918: gcc -c -g -O2  conftest.c >&5
configure:11918: $? = 0
configure:11926: result: yes
configure:11935: checking for library containing fabs
configure:11966: gcc -o conftest -g -O2    conftest.c  >&5
conftest.c:38: warning: conflicting types for built-in function 'fabs'
/tmp/cc2GbRkb.o: In function `main':
/home/kramer/sparcmt/lib/sim/disasm/binutils-2.22/gprof/conftest.c:42: undefined reference to `fabs'
collect2: ld returned 1 exit status
configure:11966: $? = 1
configure: failed program was:
| /* confdefs.h */
| #define PACKAGE_NAME ""
| #define PACKAGE_TARNAME ""
| #define PACKAGE_VERSION ""
| #define PACKAGE_STRING ""
| #define PACKAGE_BUGREPORT ""
| #define PACKAGE_URL ""
| #define PACKAGE "gprof"
| #define VERSION "2.22"
| #define STDC_HEADERS 1
| #define HAVE_SYS_TYPES_H 1
| #define HAVE_SYS_STAT_H 1
| #define HAVE_STDLIB_H 1
| #define HAVE_STRING_H 1
| #define HAVE_MEMORY_H 1
| #define HAVE_STRINGS_H 1
| #define HAVE_INTTYPES_H 1
| #define HAVE_STDINT_H 1
| #define HAVE_UNISTD_H 1
| #define __EXTENSIONS__ 1
| #define _ALL_SOURCE 1
| #define _GNU_SOURCE 1
| #define _POSIX_PTHREAD_SEMANTICS 1
| #define _TANDEM_SOURCE 1
| #define HAVE_DLFCN_H 1
| #define LT_OBJDIR ".libs/"
| #define ENABLE_NLS 1
| #define HAVE_SYS_GMON_OUT_H 1
| #define HAVE_DECL_GETOPT 1
| /* end confdefs.h.  */
| 
| /* Override any GCC internal prototype to avoid an error.
|    Use char because int might match the return type of a GCC
|    builtin and then its argument prototype would still apply.  */
| #ifdef __cplusplus
| extern "C"
| #endif
| char fabs ();
| int
| main ()
| {
| return fabs ();
|   ;
|   return 0;
| }
configure:11966: gcc -o conftest -g -O2    conftest.c -lm   >&5
conftest.c:38: warning: conflicting types for built-in function 'fabs'
configure:11966: $? = 0
configure:11983: result: -lm
configure:12138: updating cache ./config.cache
configure:12199: creating ./config.status

## ---------------------- ##
## Running config.status. ##
## ---------------------- ##

This file was extended by config.status, which was
generated by GNU Autoconf 2.64.  Invocation command line was

  CONFIG_FILES    = 
  CONFIG_HEADERS  = 
  CONFIG_LINKS    = 
  CONFIG_COMMANDS = 
  $ ./config.status 

on yang

config.status:1105: creating Makefile
config.status:1105: creating po/Makefile.in
config.status:1105: creating gconfig.h
config.status:1325: executing depfiles commands
config.status:1325: executing libtool commands
config.status:1325: executing default-1 commands

## ---------------- ##
## Cache variables. ##
## ---------------- ##

ac_cv_build=x86_64-unknown-linux-gnu
ac_cv_c_compiler_gnu=yes
ac_cv_env_CC_set=set
ac_cv_env_CC_value=gcc
ac_cv_env_CFLAGS_set=set
ac_cv_env_CFLAGS_value='-g -O2'
ac_cv_env_CPPFLAGS_set=
ac_cv_env_CPPFLAGS_value=
ac_cv_env_CPP_set=
ac_cv_env_CPP_value=
ac_cv_env_LDFLAGS_set=set
ac_cv_env_LDFLAGS_value=' '
ac_cv_env_LIBS_set=
ac_cv_env_LIBS_value=
ac_cv_env_build_alias_set=set
ac_cv_env_build_alias_value=x86_64-unknown-linux-gnu
ac_cv_env_host_alias_set=set
ac_cv_env_host_alias_value=x86_64-unknown-linux-gnu
ac_cv_env_target_alias_set=set
ac_cv_env_target_alias_value=sparc-linux
ac_cv_func_setmode=no
ac_cv_header_dlfcn_h=yes
ac_cv_header_inttypes_h=yes
ac_cv_header_memory_h=yes
ac_cv_header_minix_config_h=no
ac_cv_header_stdc=yes
ac_cv_header_stdint_h=yes
ac_cv_header_stdlib_h=yes
ac_cv_header_string_h=yes
ac_cv_header_strings_h=yes
ac_cv_header_sys_gmon_out_h=yes
ac_cv_header_sys_stat_h=yes
ac_cv_header_sys_types_h=yes
ac_cv_header_unistd_h=yes
ac_cv_host=x86_64-unknown-linux-gnu
ac_cv_objext=o
ac_cv_path_EGREP='/bin/grep -E'
ac_cv_path_FGREP='/bin/grep -F'
ac_cv_path_GMSGFMT=/usr/bin/msgfmt
ac_cv_path_GREP=/bin/grep
ac_cv_path_MSGFMT=/usr/bin/msgfmt
ac_cv_path_MSGMERGE=/usr/bin/msgmerge
ac_cv_path_SED=/bin/sed
ac_cv_path_XGETTEXT=/usr/bin/xgettext
ac_cv_path_mkdir=/bin/mkdir
ac_cv_prog_AR=ar
ac_cv_prog_AWK=gawk
ac_cv_prog_CC=gcc
ac_cv_prog_CPP='gcc -E'
ac_cv_prog_OBJDUMP=objdump
ac_cv_prog_RANLIB=ranlib
ac_cv_prog_ac_ct_STRIP=strip
ac_cv_prog_cc_c89=
ac_cv_prog_cc_g=yes
ac_cv_prog_make_make_set=yes
ac_cv_safe_to_define___extensions__=yes
ac_cv_search_fabs=-lm
ac_cv_search_strerror='none required'
ac_cv_sys_file_offset_bits=no
ac_cv_sys_largefile_CC=no
ac_cv_target=sparc-unknown-linux-gnu
am_cv_CC_dependencies_compiler_type=gcc3
gprof_cv_decl_getopt_unistd_h=yes
lt_cv_archive_cmds_need_lc=no
lt_cv_deplibs_check_method=pass_all
lt_cv_file_magic_cmd='$MAGIC_CMD'
lt_cv_file_magic_test_file=
lt_cv_ld_reload_flag=-r
lt_cv_nm_interface='BSD nm'
lt_cv_objdir=.libs
lt_cv_path_LD=ld
lt_cv_path_NM=nm
lt_cv_prog_compiler_c_o=yes
lt_cv_prog_compiler_pic_works=yes
lt_cv_prog_compiler_rtti_exceptions=no
lt_cv_prog_compiler_static_works=no
lt_cv_prog_gnu_ld=yes
lt_cv_shlibpath_overrides_runpath=no
lt_cv_sys_global_symbol_pipe='sed -n -e '\''s/^.*[	 ]\([ABCDGIRSTW][ABCDGIRSTW]*\)[	 ][	 ]*\([_A-Za-z][_A-Za-z0-9]*\)$/\1 \2 \2/p'\'''
lt_cv_sys_global_symbol_to_c_name_address='sed -n -e '\''s/^: \([^ ]*\) $/  {\"\1\", (void *) 0},/p'\'' -e '\''s/^[ABCDGIRSTW]* \([^ ]*\) \([^ ]*\)$/  {"\2", (void *) \&\2},/p'\'''
lt_cv_sys_global_symbol_to_c_name_address_lib_prefix='sed -n -e '\''s/^: \([^ ]*\) $/  {\"\1\", (void *) 0},/p'\'' -e '\''s/^[ABCDGIRSTW]* \([^ ]*\) \(lib[^ ]*\)$/  {"\2", (void *) \&\2},/p'\'' -e '\''s/^[ABCDGIRSTW]* \([^ ]*\) \([^ ]*\)$/  {"lib\2", (void *) \&\2},/p'\'''
lt_cv_sys_global_symbol_to_cdecl='sed -n -e '\''s/^T .* \(.*\)$/extern int \1();/p'\'' -e '\''s/^[ABCDGIRSTW]* .* \(.*\)$/extern char \1;/p'\'''
lt_cv_sys_max_cmd_len=1966080

## ----------------- ##
## Output variables. ##
## ----------------- ##

ACLOCAL='${SHELL} /home/kramer/sparcmt/lib/sim/disasm/binutils-2.22/missing --run aclocal-1.11'
AMDEPBACKSLASH='\'
AMDEP_FALSE='#'
AMDEP_TRUE=''
AMTAR='${SHELL} /home/kramer/sparcmt/lib/sim/disasm/binutils-2.22/missing --run tar'
AR='ar'
AUTOCONF='${SHELL} /home/kramer/sparcmt/lib/sim/disasm/binutils-2.22/missing --run autoconf'
AUTOHEADER='${SHELL} /home/kramer/sparcmt/lib/sim/disasm/binutils-2.22/missing --run autoheader'
AUTOMAKE='${SHELL} /home/kramer/sparcmt/lib/sim/disasm/binutils-2.22/missing --run automake-1.11'
AWK='gawk'
CATALOGS=' bg.gmo da.gmo de.gmo eo.gmo es.gmo fi.gmo fr.gmo ga.gmo id.gmo ms.gmo nl.gmo pt_BR.gmo ro.gmo ru.gmo rw.gmo sv.gmo tr.gmo vi.gmo bg.gmo da.gmo de.gmo eo.gmo es.gmo fi.gmo fr.gmo ga.gmo id.gmo ms.gmo nl.gmo pt_BR.gmo ro.gmo ru.gmo rw.gmo sv.gmo tr.gmo vi.gmo'
CATOBJEXT='.gmo'
CC='gcc'
CCDEPMODE='depmode=gcc3'
CFLAGS='-g -O2'
CPP='gcc -E'
CPPFLAGS=''
CYGPATH_W='echo'
DATADIRNAME='share'
DEFS='-DHAVE_CONFIG_H'
DEPDIR='.deps'
DSYMUTIL=''
DUMPBIN=''
ECHO_C=''
ECHO_N='-n'
ECHO_T=''
EGREP='/bin/grep -E'
EXEEXT=''
FGREP='/bin/grep -F'
GENCAT='gencat'
GENINSRC_NEVER_FALSE=''
GENINSRC_NEVER_TRUE='#'
GMSGFMT='/usr/bin/msgfmt'
GREP='/bin/grep'
INCINTL=''
INSTALL_DATA='/usr/bin/install -c -m 644'
INSTALL_PROGRAM='/usr/bin/install -c'
INSTALL_SCRIPT='/usr/bin/install -c'
INSTALL_STRIP_PROGRAM='$(install_sh) -c -s'
INSTOBJEXT='.mo'
LD='ld -m elf_x86_64'
LDFLAGS=' '
LIBINTL=''
LIBINTL_DEP=''
LIBOBJS=''
LIBS='-lm '
LIBTOOL='$(SHELL) $(top_builddir)/libtool'
LIPO=''
LN_S='ln -s'
LTLIBOBJS=''
MAINT='#'
MAINTAINER_MODE_FALSE=''
MAINTAINER_MODE_TRUE='#'
MAKEINFO='makeinfo --split-size=5000000'
MKDIR_P='/bin/mkdir -p'
MKINSTALLDIRS='$(top_builddir)/./../mkinstalldirs'
MSGFMT='/usr/bin/msgfmt'
MSGMERGE='/usr/bin/msgmerge'
NM='nm'
NMEDIT=''
NO_WERROR='-Wno-error'
OBJDUMP='objdump'
OBJEXT='o'
OTOOL64=''
OTOOL=''
PACKAGE='gprof'
PACKAGE_BUGREPORT=''
PACKAGE_NAME=''
PACKAGE_STRING=''
PACKAGE_TARNAME=''
PACKAGE_URL=''
PACKAGE_VERSION=''
PATH_SEPARATOR=':'
POSUB='po'
RANLIB='ranlib'
SED='/bin/sed'
SET_MAKE=''
SHELL='/bin/sh'
STRIP='strip'
USE_NLS='yes'
VERSION='2.22'
WARN_CFLAGS='-W -Wall -Wstrict-prototypes -Wmissing-prototypes -Wshadow -Werror'
XGETTEXT='/usr/bin/xgettext'
ac_ct_CC=''
ac_ct_DUMPBIN=''
am__EXEEXT_FALSE=''
am__EXEEXT_TRUE='#'
am__fastdepCC_FALSE='#'
am__fastdepCC_TRUE=''
am__include='include'
am__isrc=''
am__leading_dot='.'
am__quote=''
am__tar='${AMTAR} chof - "$$tardir"'
am__untar='${AMTAR} xf -'
bindir='${exec_prefix}/bin'
build='x86_64-unknown-linux-gnu'
build_alias='x86_64-unknown-linux-gnu'
build_cpu='x86_64'
build_os='linux-gnu'
build_vendor='unknown'
datadir='${datarootdir}'
datarootdir='${prefix}/share'
docdir='${datarootdir}/doc/${PACKAGE}'
dvidir='${docdir}'
exec_prefix='${prefix}'
host='x86_64-unknown-linux-gnu'
host_alias='x86_64-unknown-linux-gnu'
host_cpu='x86_64'
host_os='linux-gnu'
host_vendor='unknown'
htmldir='${docdir}'
includedir='${prefix}/include'
infodir='${datarootdir}/info'
install_sh='${SHELL} /home/kramer/sparcmt/lib/sim/disasm/binutils-2.22/install-sh'
libdir='${exec_prefix}/lib'
libexecdir='${exec_prefix}/libexec'
localedir='${datarootdir}/locale'
localstatedir='${prefix}/var'
mandir='${datarootdir}/man'
mkdir_p='/bin/mkdir -p'
oldincludedir='/usr/include'
pdfdir='${docdir}'
prefix='/home/kramer/sparc-linux-binutil'
program_transform_name='s&^&sparc-linux-&'
psdir='${docdir}'
sbindir='${exec_prefix}/sbin'
sharedstatedir='${prefix}/com'
sysconfdir='${prefix}/etc'
target='sparc-unknown-linux-gnu'
target_alias='sparc-linux'
target_cpu='sparc'
target_os='linux-gnu'
target_vendor='unknown'

## ----------- ##
## confdefs.h. ##
## ----------- ##

/* confdefs.h */
#define PACKAGE_NAME ""
#define PACKAGE_TARNAME ""
#define PACKAGE_VERSION ""
#define PACKAGE_STRING ""
#define PACKAGE_BUGREPORT ""
#define PACKAGE_URL ""
#define PACKAGE "gprof"
#define VERSION "2.22"
#define STDC_HEADERS 1
#define HAVE_SYS_TYPES_H 1
#define HAVE_SYS_STAT_H 1
#define HAVE_STDLIB_H 1
#define HAVE_STRING_H 1
#define HAVE_MEMORY_H 1
#define HAVE_STRINGS_H 1
#define HAVE_INTTYPES_H 1
#define HAVE_STDINT_H 1
#define HAVE_UNISTD_H 1
#define __EXTENSIONS__ 1
#define _ALL_SOURCE 1
#define _GNU_SOURCE 1
#define _POSIX_PTHREAD_SEMANTICS 1
#define _TANDEM_SOURCE 1
#define HAVE_DLFCN_H 1
#define LT_OBJDIR ".libs/"
#define ENABLE_NLS 1
#define HAVE_SYS_GMON_OUT_H 1
#define HAVE_DECL_GETOPT 1

configure: exit 0
