memif_sparc_dma_t::set_num_cores(4)
board reset...
sending start packet...
send packet size = 20
00 00 00 00 00 01 A0 F3 C1 01 6A 1A 88 88 00 00 03 FD 00 02 
wait for response 
timeout
send packet size = 20
00 00 00 00 00 01 A0 F3 C1 01 6A 1A 88 88 00 00 03 FD 00 02 
wait for response 
timeout
send packet size = 20
00 00 00 00 00 01 A0 F3 C1 01 6A 1A 88 88 00 00 03 FD 00 02 
wait for response 
timeout
send packet size = 20
00 00 00 00 00 01 A0 F3 C1 01 6A 1A 88 88 00 00 03 FD 00 02 
wait for response 
timeout
send packet size = 20
00 00 00 00 00 01 A0 F3 C1 01 6A 1A 88 88 00 00 03 FD 00 02 
wait for response 
timeout
send packet size = 20
00 00 00 00 00 01 A0 F3 C1 01 6A 1A 88 88 00 00 03 FD 00 02 
wait for response 
timeout
send packet size = 20
00 00 00 00 00 01 A0 F3 C1 01 6A 1A 88 88 00 00 03 FD 00 02 
wait for response 
timeout
send packet size = 20
00 00 00 00 00 01 A0 F3 C1 01 6A 1A 88 88 00 00 03 FD 00 02 
wait for response 
timeout
send packet size = 20
00 00 00 00 00 01 A0 F3 C1 01 6A 1A 88 88 00 00 03 FD 00 02 
wait for response 
timeout
send packet size = 20
00 00 00 00 00 01 A0 F3 C1 01 6A 1A 88 88 00 00 03 FD 00 02 
wait for response 
timeout
sending init packet...
send packet size = 32
FF FF FF FF FF FF A0 F3 C1 01 6A 1A 88 88 00 03 03 FE 00 01 A0 F3 C1 01 6A 1A 00 00 00 00 00 01 
wait for response 
got 60 bytes: 
a0 f3 c1 01 6a 1a 00 00 00 00 00 01 88 88 ff ff fe fe 00 01 00 00 00 00 00 00 00 00 00 00 00 00 00 00 00 00 00 00 00 00 00 00 00 00 00 00 00 00 00 00 00 00 00 00 00 00 00 00 00 00 
got something good
send packet size = 20
00 00 00 00 00 01 A0 F3 C1 01 6A 1A 88 88 00 00 03 FD 00 02 
wait for response 
got 60 bytes: 
a0 f3 c1 01 6a 1a 00 00 00 00 00 01 88 88 ff ff fe fd 00 02 00 00 00 00 00 00 00 00 00 00 00 00 00 00 00 00 00 00 00 00 00 00 00 00 00 00 00 00 00 00 00 00 00 00 00 00 00 00 00 00 
got something good
send packet size = 24
00 00 00 00 00 01 A0 F3 C1 01 6A 1A 88 88 00 01 04 00 00 01 00 00 00 07 
wait for response 
got 60 bytes: 
a0 f3 c1 01 6a 1a 00 00 00 00 00 01 88 88 ff ff fd 00 00 01 00 00 00 10 00 00 00 00 00 00 00 00 00 00 00 00 00 00 00 00 00 00 00 00 00 00 00 00 00 00 00 00 00 00 00 00 00 00 00 00 
got something good
configuring timing model...
  CACHE l1d
------------------------
SIZE                4096
ASSOCIATIVITY          2
LINE SIZE             32
ACCESS TIME            1
OFFSET BITS            5
TAG MASK        ffffffe0
TAG RAM MASK          3f
INDEX MASK            3f
BANK MUX               8
BANK SHIFT             8

  CACHE l1i
------------------------
SIZE               65536
ASSOCIATIVITY          4
LINE SIZE            128
ACCESS TIME            1
OFFSET BITS            7
TAG MASK        ffffff80
TAG RAM MASK          7f
INDEX MASK            7f
BANK MUX               c
BANK SHIFT             8

  CACHE l2
------------------------
SIZE             2097152
ASSOCIATIVITY          1
LINE SIZE            128
ACCESS TIME            3
OFFSET BITS            7
TAG MASK        ffffff80
TAG RAM MASK          ff
INDEX MASK          3fff
BANK MUX               0
BANK SHIFT             8

Configuring host side timing model...
Create host side L2 Cache model with linesize = 128, #ways = 1, #sets = 65536, access_time = 3
Create host side L1D Cache 0 model with linesize = 32, #ways = 2, #sets = 64, access_time = 1
Create host side L1D Cache 1 model with linesize = 32, #ways = 2, #sets = 64, access_time = 1
Create host side L1D Cache 2 model with linesize = 32, #ways = 2, #sets = 64, access_time = 1
Create host side L1D Cache 3 model with linesize = 32, #ways = 2, #sets = 64, access_time = 1
Create host side L1I Cache 0 model with linesize = 128, #ways = 4, #sets = 128, access_time = 1
Create host side L1I Cache 1 model with linesize = 128, #ways = 4, #sets = 128, access_time = 1
Create host side L1I Cache 2 model with linesize = 128, #ways = 4, #sets = 128, access_time = 1
Create host side L1I Cache 3 model with linesize = 128, #ways = 4, #sets = 128, access_time = 1
memif_sparc_dma_t::write_chunk(addr = 00000000, len = 512, asi = 1e)
memif_sparchw_dma_t::talk_to_dma(addr = 00000000, len = 512)
send packet size = 1044
00 00 00 00 00 01 A0 F3 C1 01 6A 1A 88 88 FF FF 00 00 00 02 C0 A0 03 C0 81 90 20 00 C0 A0 03 C0 81 88 2F C0 C0 A0 03 C0 01 00 00 00 C0 A0 03 C0 01 00 00 00 C0 A0 03 C0 01 00 00 00 C0 A0 03 C0 81 E0 00 00 C0 A0 03 C0 85 48 00 00 C0 A0 03 C0 84 08 A0 1F C0 A0 03 C0 81 E8 00 00 C0 A0 03 C0 81 90 20 02 C0 A0 03 C0 03 00 00 08 C0 A0 03 C0 82 10 62 84 C0 A0 03 C0 C6 00 40 00 C0 A0 03 C0 86 10 80 03 C0 A0 03 C0 C6 20 40 00 C0 A0 03 C0 81 D8 40 00 C0 A0 03 C0 03 00 00 08 C0 A0 03 C0 82 10 63 7C C0 A0 03 C0 C6 00 40 00 C0 A0 03 C0 86 10 80 03 C0 A0 03 C0 C6 20 40 00 C0 A0 03 C0 81 D8 40 00 C0 A0 03 C0 03 00 00 08 C0 A0 03 C0 82 10 61 34 C0 A0 03 C0 C6 00 40 00 C0 A0 03 C0 86 10 80 03 C0 A0 03 C0 C6 20 40 00 C0 A0 03 C0 81 D8 40 00 C0 A0 03 C0 03 00 03 94 C0 A0 03 C0 82 10 60 10 C0 A0 03 C0 84 00 A0 01 C0 A0 03 C0 C4 20 40 00 C0 A0 03 C0 03 00 00 04 C0 A0 03 C0 82 10 60 00 C0 A0 03 C0 81 98 40 00 C0 A0 03 C0 BC 10 20 00 C0 A0 03 C0 1D 00 0B C7 C0 A0 03 C0 9C 13 A3 C0 C0 A0 03 C0 83 43 C0 00 C0 A0 03 C0 85 28 60 0F C0 A0 03 C0 9C 23 80 02 C0 A0 03 C0 80 90 40 00 C0 A0 03 C0 21 00 03 94 C0 A0 03 C0 A0 14 20 00 C0 A0 03 C0 12 80 00 06 C0 A0 03 C0 01 00 00 00 C0 A0 03 C0 40 00 0C D6 C0 A0 03 C0 01 00 00 00 C0 A0 03 C0 84 10 20 01 C0 A0 03 C0 C4 24 00 00 C0 A0 03 C0 C2 04 00 00 C0 A0 03 C0 80 90 40 00 C0 A0 03 C0 02 BF FF FE C0 A0 03 C0 01 00 00 00 C0 A0 03 C0 40 00 0C EE C0 A0 03 C0 01 00 00 00 C0 A0 03 C0 03 20 00 04 C0 A0 03 C0 82 10 60 00 C0 A0 03 C0 81 98 40 00 C0 A0 03 C0 03 20 00 00 C0 A0 03 C0 82 10 61 00 C0 A0 03 C0 05 20 00 00 C0 A0 03 C0 81 C0 40 00 C0 A0 03 C0 9C 00 80 0E C0 A0 03 C0 40 00 0D 0E C0 A0 03 C0 01 00 00 00 C0 A0 03 C0 82 10 20 01 C0 A0 03 C0 05 20 03 94 C0 A0 03 C0 84 10 A0 04 C0 A0 03 C0 07 20 03 94 C0 A0 03 C0 86 10 E0 08 C0 A0 03 C0 C2 78 C0 00 C0 A0 03 C0 80 90 40 00 C0 A0 03 C0 12 BF FF F7 C0 A0 03 C0 01 00 00 00 C0 A0 03 C0 C2 00 80 00 C0 A0 03 C0 82 00 60 01 C0 A0 03 C0 C2 20 80 00 C0 A0 03 C0 C0 20 C0 00 C0 A0 03 C0 C2 00 80 00 C0 A0 03 C0 87 43 80 00 C0 A0 03 C0 80 A0 40 03 C0 A0 03 C0 06 BF FF FD C0 A0 03 C0 01 00 00 00 C0 A0 03 C0 A3 43 C0 00 C0 A0 03 C0 A3 2C 60 0F C0 A0 03 C0 25 20 0B C8 C0 A0 03 C0 A4 14 A0 00 C0 A0 03 C0 A2 24 80 11 C0 A0 03 C0 A1 43 C0 00 C0 A0 03 C0 A1 2C 20 02 C0 A0 03 C0 25 20 03 C0 C0 A0 03 C0 A4 14 A0 00 C0 A0 03 C0 E2 24 80 10 C0 A0 03 C0 83 48 00 00 C0 A0 03 C0 81 88 60 20 C0 A0 03 C0 01 00 00 00 C0 A0 03 C0 01 00 00 00 C0 A0 03 C0 01 00 00 00 C0 A0 03 C0 83 43 C0 00 C0 A0 03 C0 80 90 40 00 C0 A0 03 C0 12 80 00 1A C0 A0 03 C0 01 00 00 00 C0 A0 03 C0 40 00 0C DD C0 A0 03 C0 01 00 00 00 C0 A0 03 C0 21 20 03 94 C0 A0 03 C0 A0 14 20 14 C0 A0 03 C0 A3 43 80 00 C0 A0 03 C0 E2 24 00 00 C0 A0 03 C0 80 A4 60 40 C0 A0 03 C0 95 D0 20 7F C0 A0 03 C0 1D 20 03 B7 C0 A0 03 C0 9C 13 A3 C0 C0 A0 03 C0 23 20 03 B8 C0 A0 03 C0 A2 14 60 00 C0 A0 03 C0 25 20 03 C0 C0 A0 03 C0 A4 14 A0 00 C0 A0 03 C0 E2 24 80 00 C0 A0 03 C0 9C 23 A0 40 C0 A0 03 C0 40 00 0C DC C0 A0 03 C0 90 03 A0 40 C0 A0 03 C0 21 20 00 00 C0 A0 03 C0 90 03 A0 40 C0 A0 03 C0 40 00 6A 76 C0 A0 03 C0 90 22 00 10 C0 A0 03 C0 10 80 00 00 C0 A0 03 C0 01 00 00 00 C0 A0 03 C0 23 20 03 94 
wait for response 
got 60 bytes: 
a0 f3 c1 01 6a 1a 00 00 00 00 00 01 88 88 ff ff fe 00 00 02 00 00 00 00 00 00 00 00 00 00 00 00 00 00 00 00 00 00 00 00 00 00 00 00 00 00 00 00 00 00 00 00 00 00 00 00 00 00 00 00 
got something good
send packet size = 24
00 00 00 00 00 01 A0 F3 C1 01 6A 1A 88 88 00 01 04 00 00 04 00 00 00 02 
wait for response 
got 60 bytes: 
a0 f3 c1 01 6a 1a 00 00 00 00 00 01 88 88 ff ff fd 00 00 04 00 00 00 1a aa aa aa aa 00 00 00 00 00 00 00 04 00 00 00 00 00 00 00 00 00 00 00 00 00 00 00 00 00 00 00 00 00 00 00 00 
got something good
send packet size = 536
00 00 00 00 00 01 A0 F3 C1 01 6A 1A 88 88 FF FF 01 00 00 03 00 40 00 00 00 00 00 00 00 00 00 01 00 00 00 02 00 10 08 01 00 00 00 04 00 20 10 01 00 00 00 06 00 30 18 01 00 00 00 08 00 40 20 01 00 00 00 0A 00 50 28 01 00 00 00 0C 00 60 30 01 00 00 00 0E 00 70 38 01 00 00 00 10 00 80 40 01 00 00 00 12 00 90 48 01 00 00 00 14 00 A0 50 01 00 00 00 16 00 B0 58 01 00 00 00 18 00 C0 60 01 00 00 00 1A 00 D0 68 01 00 00 00 1C 00 E0 70 01 00 00 00 1E 00 F0 78 01 00 00 00 20 01 00 80 01 00 00 00 22 01 10 88 01 00 00 00 24 01 20 90 01 00 00 00 26 01 30 98 01 00 00 00 28 01 40 A0 01 00 00 00 2A 01 50 A8 01 00 00 00 2C 01 60 B0 01 00 00 00 2E 01 70 B8 01 00 00 00 30 01 80 C0 01 00 00 00 32 01 90 C8 01 00 00 00 34 01 A0 D0 01 00 00 00 36 01 B0 D8 01 00 00 00 38 01 C0 E0 01 00 00 00 3A 01 D0 E8 01 00 00 00 3C 01 E0 F0 01 00 00 00 3E 01 F0 F8 01 00 00 00 40 02 01 00 01 00 00 00 42 02 11 08 01 00 00 00 44 02 21 10 01 00 00 00 46 02 31 18 01 00 00 00 48 02 41 20 01 00 00 00 4A 02 51 28 01 00 00 00 4C 02 61 30 01 00 00 00 4E 02 71 38 01 00 00 00 50 02 81 40 01 00 00 00 52 02 91 48 01 00 00 00 54 02 A1 50 01 00 00 00 56 02 B1 58 01 00 00 00 58 02 C1 60 01 00 00 00 5A 02 D1 68 01 00 00 00 5C 02 E1 70 01 00 00 00 5E 02 F1 78 01 00 00 00 60 03 01 80 01 00 00 00 62 03 11 88 01 00 00 00 64 03 21 90 01 00 00 00 66 03 31 98 01 00 00 00 68 03 41 A0 01 00 00 00 6A 03 51 A8 01 00 00 00 6C 03 61 B0 01 00 00 00 6E 03 71 B8 01 00 00 00 70 03 81 C0 01 00 00 00 72 03 91 C8 01 00 00 00 74 03 A1 D0 01 00 00 00 76 03 B1 D8 01 00 00 00 78 03 C1 E0 01 00 00 00 7A 03 D1 E8 01 00 00 00 7C 03 E1 F0 01 00 00 00 7E 03 F1 F8 01 
wait for response 
timeout
send packet size = 536
00 00 00 00 00 01 A0 F3 C1 01 6A 1A 88 88 FF FF 01 00 00 03 00 40 00 00 00 00 00 00 00 00 00 01 00 00 00 02 00 10 08 01 00 00 00 04 00 20 10 01 00 00 00 06 00 30 18 01 00 00 00 08 00 40 20 01 00 00 00 0A 00 50 28 01 00 00 00 0C 00 60 30 01 00 00 00 0E 00 70 38 01 00 00 00 10 00 80 40 01 00 00 00 12 00 90 48 01 00 00 00 14 00 A0 50 01 00 00 00 16 00 B0 58 01 00 00 00 18 00 C0 60 01 00 00 00 1A 00 D0 68 01 00 00 00 1C 00 E0 70 01 00 00 00 1E 00 F0 78 01 00 00 00 20 01 00 80 01 00 00 00 22 01 10 88 01 00 00 00 24 01 20 90 01 00 00 00 26 01 30 98 01 00 00 00 28 01 40 A0 01 00 00 00 2A 01 50 A8 01 00 00 00 2C 01 60 B0 01 00 00 00 2E 01 70 B8 01 00 00 00 30 01 80 C0 01 00 00 00 32 01 90 C8 01 00 00 00 34 01 A0 D0 01 00 00 00 36 01 B0 D8 01 00 00 00 38 01 C0 E0 01 00 00 00 3A 01 D0 E8 01 00 00 00 3C 01 E0 F0 01 00 00 00 3E 01 F0 F8 01 00 00 00 40 02 01 00 01 00 00 00 42 02 11 08 01 00 00 00 44 02 21 10 01 00 00 00 46 02 31 18 01 00 00 00 48 02 41 20 01 00 00 00 4A 02 51 28 01 00 00 00 4C 02 61 30 01 00 00 00 4E 02 71 38 01 00 00 00 50 02 81 40 01 00 00 00 52 02 91 48 01 00 00 00 54 02 A1 50 01 00 00 00 56 02 B1 58 01 00 00 00 58 02 C1 60 01 00 00 00 5A 02 D1 68 01 00 00 00 5C 02 E1 70 01 00 00 00 5E 02 F1 78 01 00 00 00 60 03 01 80 01 00 00 00 62 03 11 88 01 00 00 00 64 03 21 90 01 00 00 00 66 03 31 98 01 00 00 00 68 03 41 A0 01 00 00 00 6A 03 51 A8 01 00 00 00 6C 03 61 B0 01 00 00 00 6E 03 71 B8 01 00 00 00 70 03 81 C0 01 00 00 00 72 03 91 C8 01 00 00 00 74 03 A1 D0 01 00 00 00 76 03 B1 D8 01 00 00 00 78 03 C1 E0 01 00 00 00 7A 03 D1 E8 01 00 00 00 7C 03 E1 F0 01 00 00 00 7E 03 F1 F8 01 
wait for response 
timeout
send packet size = 536
00 00 00 00 00 01 A0 F3 C1 01 6A 1A 88 88 FF FF 01 00 00 03 00 40 00 00 00 00 00 00 00 00 00 01 00 00 00 02 00 10 08 01 00 00 00 04 00 20 10 01 00 00 00 06 00 30 18 01 00 00 00 08 00 40 20 01 00 00 00 0A 00 50 28 01 00 00 00 0C 00 60 30 01 00 00 00 0E 00 70 38 01 00 00 00 10 00 80 40 01 00 00 00 12 00 90 48 01 00 00 00 14 00 A0 50 01 00 00 00 16 00 B0 58 01 00 00 00 18 00 C0 60 01 00 00 00 1A 00 D0 68 01 00 00 00 1C 00 E0 70 01 00 00 00 1E 00 F0 78 01 00 00 00 20 01 00 80 01 00 00 00 22 01 10 88 01 00 00 00 24 01 20 90 01 00 00 00 26 01 30 98 01 00 00 00 28 01 40 A0 01 00 00 00 2A 01 50 A8 01 00 00 00 2C 01 60 B0 01 00 00 00 2E 01 70 B8 01 00 00 00 30 01 80 C0 01 00 00 00 32 01 90 C8 01 00 00 00 34 01 A0 D0 01 00 00 00 36 01 B0 D8 01 00 00 00 38 01 C0 E0 01 00 00 00 3A 01 D0 E8 01 00 00 00 3C 01 E0 F0 01 00 00 00 3E 01 F0 F8 01 00 00 00 40 02 01 00 01 00 00 00 42 02 11 08 01 00 00 00 44 02 21 10 01 00 00 00 46 02 31 18 01 00 00 00 48 02 41 20 01 00 00 00 4A 02 51 28 01 00 00 00 4C 02 61 30 01 00 00 00 4E 02 71 38 01 00 00 00 50 02 81 40 01 00 00 00 52 02 91 48 01 00 00 00 54 02 A1 50 01 00 00 00 56 02 B1 58 01 00 00 00 58 02 C1 60 01 00 00 00 5A 02 D1 68 01 00 00 00 5C 02 E1 70 01 00 00 00 5E 02 F1 78 01 00 00 00 60 03 01 80 01 00 00 00 62 03 11 88 01 00 00 00 64 03 21 90 01 00 00 00 66 03 31 98 01 00 00 00 68 03 41 A0 01 00 00 00 6A 03 51 A8 01 00 00 00 6C 03 61 B0 01 00 00 00 6E 03 71 B8 01 00 00 00 70 03 81 C0 01 00 00 00 72 03 91 C8 01 00 00 00 74 03 A1 D0 01 00 00 00 76 03 B1 D8 01 00 00 00 78 03 C1 E0 01 00 00 00 7A 03 D1 E8 01 00 00 00 7C 03 E1 F0 01 00 00 00 7E 03 F1 F8 01 
wait for response 
timeout
send packet size = 536
00 00 00 00 00 01 A0 F3 C1 01 6A 1A 88 88 FF FF 01 00 00 03 00 40 00 00 00 00 00 00 00 00 00 01 00 00 00 02 00 10 08 01 00 00 00 04 00 20 10 01 00 00 00 06 00 30 18 01 00 00 00 08 00 40 20 01 00 00 00 0A 00 50 28 01 00 00 00 0C 00 60 30 01 00 00 00 0E 00 70 38 01 00 00 00 10 00 80 40 01 00 00 00 12 00 90 48 01 00 00 00 14 00 A0 50 01 00 00 00 16 00 B0 58 01 00 00 00 18 00 C0 60 01 00 00 00 1A 00 D0 68 01 00 00 00 1C 00 E0 70 01 00 00 00 1E 00 F0 78 01 00 00 00 20 01 00 80 01 00 00 00 22 01 10 88 01 00 00 00 24 01 20 90 01 00 00 00 26 01 30 98 01 00 00 00 28 01 40 A0 01 00 00 00 2A 01 50 A8 01 00 00 00 2C 01 60 B0 01 00 00 00 2E 01 70 B8 01 00 00 00 30 01 80 C0 01 00 00 00 32 01 90 C8 01 00 00 00 34 01 A0 D0 01 00 00 00 36 01 B0 D8 01 00 00 00 38 01 C0 E0 01 00 00 00 3A 01 D0 E8 01 00 00 00 3C 01 E0 F0 01 00 00 00 3E 01 F0 F8 01 00 00 00 40 02 01 00 01 00 00 00 42 02 11 08 01 00 00 00 44 02 21 10 01 00 00 00 46 02 31 18 01 00 00 00 48 02 41 20 01 00 00 00 4A 02 51 28 01 00 00 00 4C 02 61 30 01 00 00 00 4E 02 71 38 01 00 00 00 50 02 81 40 01 00 00 00 52 02 91 48 01 00 00 00 54 02 A1 50 01 00 00 00 56 02 B1 58 01 00 00 00 58 02 C1 60 01 00 00 00 5A 02 D1 68 01 00 00 00 5C 02 E1 70 01 00 00 00 5E 02 F1 78 01 00 00 00 60 03 01 80 01 00 00 00 62 03 11 88 01 00 00 00 64 03 21 90 01 00 00 00 66 03 31 98 01 00 00 00 68 03 41 A0 01 00 00 00 6A 03 51 A8 01 00 00 00 6C 03 61 B0 01 00 00 00 6E 03 71 B8 01 00 00 00 70 03 81 C0 01 00 00 00 72 03 91 C8 01 00 00 00 74 03 A1 D0 01 00 00 00 76 03 B1 D8 01 00 00 00 78 03 C1 E0 01 00 00 00 7A 03 D1 E8 01 00 00 00 7C 03 E1 F0 01 00 00 00 7E 03 F1 F8 01 
wait for response 
timeout
send packet size = 536
00 00 00 00 00 01 A0 F3 C1 01 6A 1A 88 88 FF FF 01 00 00 03 00 40 00 00 00 00 00 00 00 00 00 01 00 00 00 02 00 10 08 01 00 00 00 04 00 20 10 01 00 00 00 06 00 30 18 01 00 00 00 08 00 40 20 01 00 00 00 0A 00 50 28 01 00 00 00 0C 00 60 30 01 00 00 00 0E 00 70 38 01 00 00 00 10 00 80 40 01 00 00 00 12 00 90 48 01 00 00 00 14 00 A0 50 01 00 00 00 16 00 B0 58 01 00 00 00 18 00 C0 60 01 00 00 00 1A 00 D0 68 01 00 00 00 1C 00 E0 70 01 00 00 00 1E 00 F0 78 01 00 00 00 20 01 00 80 01 00 00 00 22 01 10 88 01 00 00 00 24 01 20 90 01 00 00 00 26 01 30 98 01 00 00 00 28 01 40 A0 01 00 00 00 2A 01 50 A8 01 00 00 00 2C 01 60 B0 01 00 00 00 2E 01 70 B8 01 00 00 00 30 01 80 C0 01 00 00 00 32 01 90 C8 01 00 00 00 34 01 A0 D0 01 00 00 00 36 01 B0 D8 01 00 00 00 38 01 C0 E0 01 00 00 00 3A 01 D0 E8 01 00 00 00 3C 01 E0 F0 01 00 00 00 3E 01 F0 F8 01 00 00 00 40 02 01 00 01 00 00 00 42 02 11 08 01 00 00 00 44 02 21 10 01 00 00 00 46 02 31 18 01 00 00 00 48 02 41 20 01 00 00 00 4A 02 51 28 01 00 00 00 4C 02 61 30 01 00 00 00 4E 02 71 38 01 00 00 00 50 02 81 40 01 00 00 00 52 02 91 48 01 00 00 00 54 02 A1 50 01 00 00 00 56 02 B1 58 01 00 00 00 58 02 C1 60 01 00 00 00 5A 02 D1 68 01 00 00 00 5C 02 E1 70 01 00 00 00 5E 02 F1 78 01 00 00 00 60 03 01 80 01 00 00 00 62 03 11 88 01 00 00 00 64 03 21 90 01 00 00 00 66 03 31 98 01 00 00 00 68 03 41 A0 01 00 00 00 6A 03 51 A8 01 00 00 00 6C 03 61 B0 01 00 00 00 6E 03 71 B8 01 00 00 00 70 03 81 C0 01 00 00 00 72 03 91 C8 01 00 00 00 74 03 A1 D0 01 00 00 00 76 03 B1 D8 01 00 00 00 78 03 C1 E0 01 00 00 00 7A 03 D1 E8 01 00 00 00 7C 03 E1 F0 01 00 00 00 7E 03 F1 F8 01 
wait for response 
timeout
send packet size = 536
00 00 00 00 00 01 A0 F3 C1 01 6A 1A 88 88 FF FF 01 00 00 03 00 40 00 00 00 00 00 00 00 00 00 01 00 00 00 02 00 10 08 01 00 00 00 04 00 20 10 01 00 00 00 06 00 30 18 01 00 00 00 08 00 40 20 01 00 00 00 0A 00 50 28 01 00 00 00 0C 00 60 30 01 00 00 00 0E 00 70 38 01 00 00 00 10 00 80 40 01 00 00 00 12 00 90 48 01 00 00 00 14 00 A0 50 01 00 00 00 16 00 B0 58 01 00 00 00 18 00 C0 60 01 00 00 00 1A 00 D0 68 01 00 00 00 1C 00 E0 70 01 00 00 00 1E 00 F0 78 01 00 00 00 20 01 00 80 01 00 00 00 22 01 10 88 01 00 00 00 24 01 20 90 01 00 00 00 26 01 30 98 01 00 00 00 28 01 40 A0 01 00 00 00 2A 01 50 A8 01 00 00 00 2C 01 60 B0 01 00 00 00 2E 01 70 B8 01 00 00 00 30 01 80 C0 01 00 00 00 32 01 90 C8 01 00 00 00 34 01 A0 D0 01 00 00 00 36 01 B0 D8 01 00 00 00 38 01 C0 E0 01 00 00 00 3A 01 D0 E8 01 00 00 00 3C 01 E0 F0 01 00 00 00 3E 01 F0 F8 01 00 00 00 40 02 01 00 01 00 00 00 42 02 11 08 01 00 00 00 44 02 21 10 01 00 00 00 46 02 31 18 01 00 00 00 48 02 41 20 01 00 00 00 4A 02 51 28 01 00 00 00 4C 02 61 30 01 00 00 00 4E 02 71 38 01 00 00 00 50 02 81 40 01 00 00 00 52 02 91 48 01 00 00 00 54 02 A1 50 01 00 00 00 56 02 B1 58 01 00 00 00 58 02 C1 60 01 00 00 00 5A 02 D1 68 01 00 00 00 5C 02 E1 70 01 00 00 00 5E 02 F1 78 01 00 00 00 60 03 01 80 01 00 00 00 62 03 11 88 01 00 00 00 64 03 21 90 01 00 00 00 66 03 31 98 01 00 00 00 68 03 41 A0 01 00 00 00 6A 03 51 A8 01 00 00 00 6C 03 61 B0 01 00 00 00 6E 03 71 B8 01 00 00 00 70 03 81 C0 01 00 00 00 72 03 91 C8 01 00 00 00 74 03 A1 D0 01 00 00 00 76 03 B1 D8 01 00 00 00 78 03 C1 E0 01 00 00 00 7A 03 D1 E8 01 00 00 00 7C 03 E1 F0 01 00 00 00 7E 03 F1 F8 01 
wait for response 
timeout
send packet size = 536
00 00 00 00 00 01 A0 F3 C1 01 6A 1A 88 88 FF FF 01 00 00 03 00 40 00 00 00 00 00 00 00 00 00 01 00 00 00 02 00 10 08 01 00 00 00 04 00 20 10 01 00 00 00 06 00 30 18 01 00 00 00 08 00 40 20 01 00 00 00 0A 00 50 28 01 00 00 00 0C 00 60 30 01 00 00 00 0E 00 70 38 01 00 00 00 10 00 80 40 01 00 00 00 12 00 90 48 01 00 00 00 14 00 A0 50 01 00 00 00 16 00 B0 58 01 00 00 00 18 00 C0 60 01 00 00 00 1A 00 D0 68 01 00 00 00 1C 00 E0 70 01 00 00 00 1E 00 F0 78 01 00 00 00 20 01 00 80 01 00 00 00 22 01 10 88 01 00 00 00 24 01 20 90 01 00 00 00 26 01 30 98 01 00 00 00 28 01 40 A0 01 00 00 00 2A 01 50 A8 01 00 00 00 2C 01 60 B0 01 00 00 00 2E 01 70 B8 01 00 00 00 30 01 80 C0 01 00 00 00 32 01 90 C8 01 00 00 00 34 01 A0 D0 01 00 00 00 36 01 B0 D8 01 00 00 00 38 01 C0 E0 01 00 00 00 3A 01 D0 E8 01 00 00 00 3C 01 E0 F0 01 00 00 00 3E 01 F0 F8 01 00 00 00 40 02 01 00 01 00 00 00 42 02 11 08 01 00 00 00 44 02 21 10 01 00 00 00 46 02 31 18 01 00 00 00 48 02 41 20 01 00 00 00 4A 02 51 28 01 00 00 00 4C 02 61 30 01 00 00 00 4E 02 71 38 01 00 00 00 50 02 81 40 01 00 00 00 52 02 91 48 01 00 00 00 54 02 A1 50 01 00 00 00 56 02 B1 58 01 00 00 00 58 02 C1 60 01 00 00 00 5A 02 D1 68 01 00 00 00 5C 02 E1 70 01 00 00 00 5E 02 F1 78 01 00 00 00 60 03 01 80 01 00 00 00 62 03 11 88 01 00 00 00 64 03 21 90 01 00 00 00 66 03 31 98 01 00 00 00 68 03 41 A0 01 00 00 00 6A 03 51 A8 01 00 00 00 6C 03 61 B0 01 00 00 00 6E 03 71 B8 01 00 00 00 70 03 81 C0 01 00 00 00 72 03 91 C8 01 00 00 00 74 03 A1 D0 01 00 00 00 76 03 B1 D8 01 00 00 00 78 03 C1 E0 01 00 00 00 7A 03 D1 E8 01 00 00 00 7C 03 E1 F0 01 00 00 00 7E 03 F1 F8 01 
wait for response 
timeout
send packet size = 24
00 00 00 00 00 01 A0 F3 C1 01 6A 1A 88 88 00 01 04 00 00 05 00 00 00 02 
wait for response 
timeout
send packet size = 24
00 00 00 00 00 01 A0 F3 C1 01 6A 1A 88 88 00 01 04 00 00 05 00 00 00 02 
wait for response 
timeout
send packet size = 24
00 00 00 00 00 01 A0 F3 C1 01 6A 1A 88 88 00 01 04 00 00 05 00 00 00 02 
wait for response 
timeout
send packet size = 24
00 00 00 00 00 01 A0 F3 C1 01 6A 1A 88 88 00 01 04 00 00 05 00 00 00 02 
wait for response 
timeout
send packet size = 24
00 00 00 00 00 01 A0 F3 C1 01 6A 1A 88 88 00 01 04 00 00 05 00 00 00 02 
wait for response 
timeout
send packet size = 24
00 00 00 00 00 01 A0 F3 C1 01 6A 1A 88 88 00 01 04 00 00 05 00 00 00 02 
wait for response 
timeout
send packet size = 24
00 00 00 00 00 01 A0 F3 C1 01 6A 1A 88 88 00 01 04 00 00 05 00 00 00 02 
wait for response 
timeout
send packet size = 24
00 00 00 00 00 01 A0 F3 C1 01 6A 1A 88 88 00 01 04 00 00 05 00 00 00 02 
wait for response 
timeout
send packet size = 24
00 00 00 00 00 01 A0 F3 C1 01 6A 1A 88 88 00 01 04 00 00 05 00 00 00 02 
wait for response 
timeout
send packet size = 24
00 00 00 00 00 01 A0 F3 C1 01 6A 1A 88 88 00 01 04 00 00 05 00 00 00 02 
wait for response 
timeout
