This file contains any messages produced by compilers while
running configure, to aid debugging if configure makes a mistake.

It was created by configure, which was
generated by GNU Autoconf 2.64.  Invocation command line was

  $ /home/kramer/sparcmt/lib/sim/disasm/binutils-2.22/bfd/configure --cache-file=./config.cache --with-gnu-as --with-gnu-ld --with-system-zlib --prefix=/home/kramer/sparc-linux-binutil --enable-shared --program-transform-name=s&^&sparc-linux-& --disable-option-checking --build=x86_64-unknown-linux-gnu --host=x86_64-unknown-linux-gnu --target=sparc-linux --srcdir=.././bfd

## --------- ##
## Platform. ##
## --------- ##

hostname = yang
uname -m = x86_64
uname -r = 2.6.32-358.14.1.el6.x86_64
uname -s = Linux
uname -v = #1 SMP Tue Jul 16 23:51:20 UTC 2013

/usr/bin/uname -p = unknown
/bin/uname -X     = unknown

/bin/arch              = x86_64
/usr/bin/arch -k       = unknown
/usr/convex/getsysinfo = unknown
/usr/bin/hostinfo      = unknown
/bin/machine           = unknown
/usr/bin/oslevel       = unknown
/bin/universe          = unknown

PATH: /usr/lib64/qt-3.3/bin
PATH: /usr/NX/bin
PATH: /usr/local/bin
PATH: /bin
PATH: /usr/bin
PATH: /usr/local/sbin
PATH: /usr/sbin
PATH: /sbin
PATH: /stow/repository/sparc-ros-gcc/bin
PATH: /stow/repository/ramp-sim/bin
PATH: /stow/repository/ramp-sim/rampbin
PATH: /opt/modelsim/modeltech/bin
PATH: /opt/Xilinx/14.2/ISE_DS/ISE/bin/lin64
PATH: /opt/synplify-2010.09-1/bin
PATH: /opt/cplex
PATH: /home/kramer/bin
PATH: /stow/repository/sparc-ros-gcc/bin
PATH: /stow/repository/ramp-sim/bin
PATH: /stow/repository/ramp-sim/rampbin
PATH: /opt/modelsim/modeltech/bin
PATH: /opt/Xilinx/14.2/ISE_DS/ISE/bin/lin64
PATH: /opt/synplify-2010.09-1/bin
PATH: /opt/cplex
PATH: /home/kramer/bin


## ----------- ##
## Core tests. ##
## ----------- ##

configure:2457: creating cache ./config.cache
configure:2562: checking build system type
configure:2576: result: x86_64-unknown-linux-gnu
configure:2596: checking host system type
configure:2609: result: x86_64-unknown-linux-gnu
configure:2629: checking target system type
configure:2642: result: sparc-unknown-linux-gnu
configure:2676: checking for x86_64-unknown-linux-gnu-gcc
configure:2703: result: gcc
configure:2972: checking for C compiler version
configure:2981: gcc --version >&5
gcc (GCC) 4.4.7 20120313 (Red Hat 4.4.7-3)
Copyright (C) 2010 Free Software Foundation, Inc.
This is free software; see the source for copying conditions.  There is NO
warranty; not even for MERCHANTABILITY or FITNESS FOR A PARTICULAR PURPOSE.

configure:2992: $? = 0
configure:2981: gcc -v >&5
Using built-in specs.
Target: x86_64-redhat-linux
Configured with: ../configure --prefix=/usr --mandir=/usr/share/man --infodir=/usr/share/info --with-bugurl=http://bugzilla.redhat.com/bugzilla --enable-bootstrap --enable-shared --enable-threads=posix --enable-checking=release --with-system-zlib --enable-__cxa_atexit --disable-libunwind-exceptions --enable-gnu-unique-object --enable-languages=c,c++,objc,obj-c++,java,fortran,ada --enable-java-awt=gtk --disable-dssi --with-java-home=/usr/lib/jvm/java-1.5.0-gcj-1.5.0.0/jre --enable-libgcj-multifile --enable-java-maintainer-mode --with-ecj-jar=/usr/share/java/eclipse-ecj.jar --disable-libjava-multilib --with-ppl --with-cloog --with-tune=generic --with-arch_32=i686 --build=x86_64-redhat-linux
Thread model: posix
gcc version 4.4.7 20120313 (Red Hat 4.4.7-3) (GCC) 
configure:2992: $? = 0
configure:2981: gcc -V >&5
gcc: '-V' option must have argument
configure:2992: $? = 1
configure:2981: gcc -qversion >&5
gcc: unrecognized option '-qversion'
gcc: no input files
configure:2992: $? = 1
configure:3012: checking for C compiler default output file name
configure:3034: gcc -g -O2    conftest.c  >&5
configure:3038: $? = 0
configure:3075: result: a.out
configure:3091: checking whether the C compiler works
configure:3100: ./a.out
configure:3104: $? = 0
configure:3119: result: yes
configure:3126: checking whether we are cross compiling
configure:3128: result: no
configure:3131: checking for suffix of executables
configure:3138: gcc -o conftest -g -O2    conftest.c  >&5
configure:3142: $? = 0
configure:3164: result: 
configure:3170: checking for suffix of object files
configure:3192: gcc -c -g -O2  conftest.c >&5
configure:3196: $? = 0
configure:3217: result: o
configure:3221: checking whether we are using the GNU C compiler
configure:3240: gcc -c -g -O2  conftest.c >&5
configure:3240: $? = 0
configure:3249: result: yes
configure:3258: checking whether gcc accepts -g
configure:3278: gcc -c -g  conftest.c >&5
configure:3278: $? = 0
configure:3319: result: yes
configure:3336: checking for gcc option to accept ISO C89
configure:3400: gcc  -c -g -O2  conftest.c >&5
configure:3400: $? = 0
configure:3413: result: none needed
configure:3434: checking for library containing strerror
configure:3465: gcc -o conftest -g -O2    conftest.c  >&5
configure:3465: $? = 0
configure:3482: result: none required
configure:3507: checking for a BSD-compatible install
configure:3575: result: /usr/bin/install -c
configure:3586: checking whether build environment is sane
configure:3636: result: yes
configure:3777: checking for a thread-safe mkdir -p
configure:3816: result: /bin/mkdir -p
configure:3829: checking for gawk
configure:3856: result: gawk
configure:3867: checking whether make sets $(MAKE)
configure:3889: result: yes
configure:3919: checking for style of include used by make
configure:3947: result: GNU
configure:4032: checking dependency style of gcc
configure:4142: result: gcc3
configure:4162: checking for x86_64-unknown-linux-gnu-ar
configure:4189: result: ar
configure:4254: checking for x86_64-unknown-linux-gnu-ranlib
configure:4281: result: ranlib
configure:4384: checking for x86_64-unknown-linux-gnu-gcc
configure:4411: result: gcc
configure:4680: checking for C compiler version
configure:4689: gcc --version >&5
gcc (GCC) 4.4.7 20120313 (Red Hat 4.4.7-3)
Copyright (C) 2010 Free Software Foundation, Inc.
This is free software; see the source for copying conditions.  There is NO
warranty; not even for MERCHANTABILITY or FITNESS FOR A PARTICULAR PURPOSE.

configure:4700: $? = 0
configure:4689: gcc -v >&5
Using built-in specs.
Target: x86_64-redhat-linux
Configured with: ../configure --prefix=/usr --mandir=/usr/share/man --infodir=/usr/share/info --with-bugurl=http://bugzilla.redhat.com/bugzilla --enable-bootstrap --enable-shared --enable-threads=posix --enable-checking=release --with-system-zlib --enable-__cxa_atexit --disable-libunwind-exceptions --enable-gnu-unique-object --enable-languages=c,c++,objc,obj-c++,java,fortran,ada --enable-java-awt=gtk --disable-dssi --with-java-home=/usr/lib/jvm/java-1.5.0-gcj-1.5.0.0/jre --enable-libgcj-multifile --enable-java-maintainer-mode --with-ecj-jar=/usr/share/java/eclipse-ecj.jar --disable-libjava-multilib --with-ppl --with-cloog --with-tune=generic --with-arch_32=i686 --build=x86_64-redhat-linux
Thread model: posix
gcc version 4.4.7 20120313 (Red Hat 4.4.7-3) (GCC) 
configure:4700: $? = 0
configure:4689: gcc -V >&5
gcc: '-V' option must have argument
configure:4700: $? = 1
configure:4689: gcc -qversion >&5
gcc: unrecognized option '-qversion'
gcc: no input files
configure:4700: $? = 1
configure:4704: checking whether we are using the GNU C compiler
configure:4732: result: yes
configure:4741: checking whether gcc accepts -g
configure:4802: result: yes
configure:4819: checking for gcc option to accept ISO C89
configure:4896: result: none needed
configure:4921: checking how to run the C preprocessor
configure:4952: gcc -E  conftest.c
configure:4952: $? = 0
configure:4966: gcc -E  conftest.c
conftest.c:11:28: error: ac_nonexistent.h: No such file or directory
configure:4966: $? = 1
configure: failed program was:
| /* confdefs.h */
| #define PACKAGE_NAME ""
| #define PACKAGE_TARNAME ""
| #define PACKAGE_VERSION ""
| #define PACKAGE_STRING ""
| #define PACKAGE_BUGREPORT ""
| #define PACKAGE_URL ""
| #define PACKAGE "bfd"
| #define VERSION "2.22"
| /* end confdefs.h.  */
| #include <ac_nonexistent.h>
configure:4991: result: gcc -E
configure:5011: gcc -E  conftest.c
configure:5011: $? = 0
configure:5025: gcc -E  conftest.c
conftest.c:11:28: error: ac_nonexistent.h: No such file or directory
configure:5025: $? = 1
configure: failed program was:
| /* confdefs.h */
| #define PACKAGE_NAME ""
| #define PACKAGE_TARNAME ""
| #define PACKAGE_VERSION ""
| #define PACKAGE_STRING ""
| #define PACKAGE_BUGREPORT ""
| #define PACKAGE_URL ""
| #define PACKAGE "bfd"
| #define VERSION "2.22"
| /* end confdefs.h.  */
| #include <ac_nonexistent.h>
configure:5054: checking for grep that handles long lines and -e
configure:5112: result: /bin/grep
configure:5117: checking for egrep
configure:5179: result: /bin/grep -E
configure:5184: checking for ANSI C header files
configure:5204: gcc -c -g -O2  conftest.c >&5
configure:5204: $? = 0
configure:5277: gcc -o conftest -g -O2    conftest.c  >&5
configure:5277: $? = 0
configure:5277: ./conftest
configure:5277: $? = 0
configure:5288: result: yes
configure:5301: checking for sys/types.h
configure:5301: gcc -c -g -O2  conftest.c >&5
configure:5301: $? = 0
configure:5301: result: yes
configure:5301: checking for sys/stat.h
configure:5301: gcc -c -g -O2  conftest.c >&5
configure:5301: $? = 0
configure:5301: result: yes
configure:5301: checking for stdlib.h
configure:5301: gcc -c -g -O2  conftest.c >&5
configure:5301: $? = 0
configure:5301: result: yes
configure:5301: checking for string.h
configure:5301: gcc -c -g -O2  conftest.c >&5
configure:5301: $? = 0
configure:5301: result: yes
configure:5301: checking for memory.h
configure:5301: gcc -c -g -O2  conftest.c >&5
configure:5301: $? = 0
configure:5301: result: yes
configure:5301: checking for strings.h
configure:5301: gcc -c -g -O2  conftest.c >&5
configure:5301: $? = 0
configure:5301: result: yes
configure:5301: checking for inttypes.h
configure:5301: gcc -c -g -O2  conftest.c >&5
configure:5301: $? = 0
configure:5301: result: yes
configure:5301: checking for stdint.h
configure:5301: gcc -c -g -O2  conftest.c >&5
configure:5301: $? = 0
configure:5301: result: yes
configure:5301: checking for unistd.h
configure:5301: gcc -c -g -O2  conftest.c >&5
configure:5301: $? = 0
configure:5301: result: yes
configure:5315: checking minix/config.h usability
configure:5315: gcc -c -g -O2  conftest.c >&5
conftest.c:54:26: error: minix/config.h: No such file or directory
configure:5315: $? = 1
configure: failed program was:
| /* confdefs.h */
| #define PACKAGE_NAME ""
| #define PACKAGE_TARNAME ""
| #define PACKAGE_VERSION ""
| #define PACKAGE_STRING ""
| #define PACKAGE_BUGREPORT ""
| #define PACKAGE_URL ""
| #define PACKAGE "bfd"
| #define VERSION "2.22"
| #define STDC_HEADERS 1
| #define HAVE_SYS_TYPES_H 1
| #define HAVE_SYS_STAT_H 1
| #define HAVE_STDLIB_H 1
| #define HAVE_STRING_H 1
| #define HAVE_MEMORY_H 1
| #define HAVE_STRINGS_H 1
| #define HAVE_INTTYPES_H 1
| #define HAVE_STDINT_H 1
| #define HAVE_UNISTD_H 1
| /* end confdefs.h.  */
| #include <stdio.h>
| #ifdef HAVE_SYS_TYPES_H
| # include <sys/types.h>
| #endif
| #ifdef HAVE_SYS_STAT_H
| # include <sys/stat.h>
| #endif
| #ifdef STDC_HEADERS
| # include <stdlib.h>
| # include <stddef.h>
| #else
| # ifdef HAVE_STDLIB_H
| #  include <stdlib.h>
| # endif
| #endif
| #ifdef HAVE_STRING_H
| # if !defined STDC_HEADERS && defined HAVE_MEMORY_H
| #  include <memory.h>
| # endif
| # include <string.h>
| #endif
| #ifdef HAVE_STRINGS_H
| # include <strings.h>
| #endif
| #ifdef HAVE_INTTYPES_H
| # include <inttypes.h>
| #endif
| #ifdef HAVE_STDINT_H
| # include <stdint.h>
| #endif
| #ifdef HAVE_UNISTD_H
| # include <unistd.h>
| #endif
| #include <minix/config.h>
configure:5315: result: no
configure:5315: checking minix/config.h presence
configure:5315: gcc -E  conftest.c
conftest.c:21:26: error: minix/config.h: No such file or directory
configure:5315: $? = 1
configure: failed program was:
| /* confdefs.h */
| #define PACKAGE_NAME ""
| #define PACKAGE_TARNAME ""
| #define PACKAGE_VERSION ""
| #define PACKAGE_STRING ""
| #define PACKAGE_BUGREPORT ""
| #define PACKAGE_URL ""
| #define PACKAGE "bfd"
| #define VERSION "2.22"
| #define STDC_HEADERS 1
| #define HAVE_SYS_TYPES_H 1
| #define HAVE_SYS_STAT_H 1
| #define HAVE_STDLIB_H 1
| #define HAVE_STRING_H 1
| #define HAVE_MEMORY_H 1
| #define HAVE_STRINGS_H 1
| #define HAVE_INTTYPES_H 1
| #define HAVE_STDINT_H 1
| #define HAVE_UNISTD_H 1
| /* end confdefs.h.  */
| #include <minix/config.h>
configure:5315: result: no
configure:5315: checking for minix/config.h
configure:5315: result: no
configure:5336: checking whether it is safe to define __EXTENSIONS__
configure:5354: gcc -c -g -O2  conftest.c >&5
configure:5354: $? = 0
configure:5361: result: yes
configure:5424: checking how to print strings
configure:5451: result: printf
configure:5472: checking for a sed that does not truncate output
configure:5536: result: /bin/sed
configure:5554: checking for fgrep
configure:5616: result: /bin/grep -F
configure:5651: checking for ld used by gcc
configure:5718: result: ld
configure:5725: checking if the linker (ld) is GNU ld
configure:5740: result: yes
configure:5752: checking for BSD- or MS-compatible name lister (nm)
configure:5801: result: nm
configure:5931: checking the name lister (nm) interface
configure:5938: gcc -c -g -O2  conftest.c >&5
configure:5941: nm "conftest.o"
configure:5944: output
0000000000000000 B some_variable
configure:5951: result: BSD nm
configure:5954: checking whether ln -s works
configure:5958: result: yes
configure:5966: checking the maximum length of command line arguments
configure:6091: result: 1966080
configure:6108: checking whether the shell understands some XSI constructs
configure:6118: result: yes
configure:6122: checking whether the shell understands "+="
configure:6128: result: yes
configure:6163: checking for ld option to reload object files
configure:6170: result: -r
configure:6199: checking for x86_64-unknown-linux-gnu-objdump
configure:6226: result: objdump
configure:6298: checking how to recognize dependent libraries
configure:6499: result: pass_all
configure:6519: checking for x86_64-unknown-linux-gnu-ar
configure:6546: result: ar
configure:6624: checking for x86_64-unknown-linux-gnu-strip
configure:6654: result: no
configure:6664: checking for strip
configure:6680: found /usr/bin/strip
configure:6691: result: strip
configure:6723: checking for x86_64-unknown-linux-gnu-ranlib
configure:6750: result: ranlib
configure:6892: checking command to parse nm output from gcc object
configure:7010: gcc -c -g -O2  conftest.c >&5
configure:7013: $? = 0
configure:7017: nm conftest.o \| sed -n -e 's/^.*[ ]\([ABCDGIRSTW][ABCDGIRSTW]*\)[ ][ ]*\([_A-Za-z][_A-Za-z0-9]*\)$/\1 \2 \2/p' \> conftest.nm
configure:7020: $? = 0
configure:7074: gcc -o conftest -g -O2    conftest.c conftstm.o >&5
configure:7077: $? = 0
configure:7115: result: ok
configure:7210: gcc -c -g -O2  conftest.c >&5
configure:7213: $? = 0
configure:7950: checking for dlfcn.h
configure:7950: gcc -c -g -O2  conftest.c >&5
configure:7950: $? = 0
configure:7950: result: yes
configure:8106: checking for objdir
configure:8121: result: .libs
configure:8392: checking if gcc supports -fno-rtti -fno-exceptions
configure:8410: gcc -c -g -O2  -fno-rtti -fno-exceptions conftest.c >&5
cc1: warning: command line option "-fno-rtti" is valid for C++/ObjC++ but not for C
configure:8414: $? = 0
configure:8427: result: no
configure:8447: checking for gcc option to produce PIC
configure:8732: result: -fPIC -DPIC
configure:8744: checking if gcc PIC flag -fPIC -DPIC works
configure:8762: gcc -c -g -O2  -fPIC -DPIC -DPIC conftest.c >&5
configure:8766: $? = 0
configure:8779: result: yes
configure:8803: checking if gcc static flag -static works
configure:8831: result: no
configure:8846: checking if gcc supports -c -o file.o
configure:8867: gcc -c -g -O2  -o out/conftest2.o conftest.c >&5
configure:8871: $? = 0
configure:8893: result: yes
configure:8901: checking if gcc supports -c -o file.o
configure:8948: result: yes
configure:8981: checking whether the gcc linker (ld -m elf_x86_64) supports shared libraries
configure:10052: result: yes
configure:10089: checking whether -lc should be explicitly linked in
configure:10097: gcc -c -g -O2  conftest.c >&5
configure:10100: $? = 0
configure:10115: gcc -shared conftest.o  -v -Wl,-soname -Wl,conftest -o conftest 2\>\&1 \| /bin/grep  -lc  \>/dev/null 2\>\&1
configure:10118: $? = 0
configure:10132: result: no
configure:10297: checking dynamic linker characteristics
configure:10748: gcc -o conftest -g -O2    -Wl,-rpath -Wl,/foo conftest.c  >&5
configure:10748: $? = 0
configure:10970: result: GNU/Linux ld.so
configure:11077: checking how to hardcode library paths into programs
configure:11102: result: immediate
configure:11196: checking for shl_load
configure:11196: gcc -o conftest -g -O2    conftest.c  >&5
/tmp/ccTltgtU.o: In function `main':
/home/kramer/sparcmt/lib/sim/disasm/binutils-2.22/bfd/conftest.c:62: undefined reference to `shl_load'
collect2: ld returned 1 exit status
configure:11196: $? = 1
configure: failed program was:
| /* confdefs.h */
| #define PACKAGE_NAME ""
| #define PACKAGE_TARNAME ""
| #define PACKAGE_VERSION ""
| #define PACKAGE_STRING ""
| #define PACKAGE_BUGREPORT ""
| #define PACKAGE_URL ""
| #define PACKAGE "bfd"
| #define VERSION "2.22"
| #define STDC_HEADERS 1
| #define HAVE_SYS_TYPES_H 1
| #define HAVE_SYS_STAT_H 1
| #define HAVE_STDLIB_H 1
| #define HAVE_STRING_H 1
| #define HAVE_MEMORY_H 1
| #define HAVE_STRINGS_H 1
| #define HAVE_INTTYPES_H 1
| #define HAVE_STDINT_H 1
| #define HAVE_UNISTD_H 1
| #define __EXTENSIONS__ 1
| #define _ALL_SOURCE 1
| #define _GNU_SOURCE 1
| #define _POSIX_PTHREAD_SEMANTICS 1
| #define _TANDEM_SOURCE 1
| #define HAVE_DLFCN_H 1
| #define LT_OBJDIR ".libs/"
| /* end confdefs.h.  */
| /* Define shl_load to an innocuous variant, in case <limits.h> declares shl_load.
|    For example, HP-UX 11i <limits.h> declares gettimeofday.  */
| #define shl_load innocuous_shl_load
| 
| /* System header to define __stub macros and hopefully few prototypes,
|     which can conflict with char shl_load (); below.
|     Prefer <limits.h> to <assert.h> if __STDC__ is defined, since
|     <limits.h> exists even on freestanding compilers.  */
| 
| #ifdef __STDC__
| # include <limits.h>
| #else
| # include <assert.h>
| #endif
| 
| #undef shl_load
| 
| /* Override any GCC internal prototype to avoid an error.
|    Use char because int might match the return type of a GCC
|    builtin and then its argument prototype would still apply.  */
| #ifdef __cplusplus
| extern "C"
| #endif
| char shl_load ();
| /* The GNU C library defines this for functions which it implements
|     to always fail with ENOSYS.  Some functions are actually named
|     something starting with __ and the normal name is an alias.  */
| #if defined __stub_shl_load || defined __stub___shl_load
| choke me
| #endif
| 
| int
| main ()
| {
| return shl_load ();
|   ;
|   return 0;
| }
configure:11196: result: no
configure:11200: checking for shl_load in -ldld
configure:11225: gcc -o conftest -g -O2    conftest.c -ldld   >&5
/usr/bin/ld: cannot find -ldld
collect2: ld returned 1 exit status
configure:11225: $? = 1
configure: failed program was:
| /* confdefs.h */
| #define PACKAGE_NAME ""
| #define PACKAGE_TARNAME ""
| #define PACKAGE_VERSION ""
| #define PACKAGE_STRING ""
| #define PACKAGE_BUGREPORT ""
| #define PACKAGE_URL ""
| #define PACKAGE "bfd"
| #define VERSION "2.22"
| #define STDC_HEADERS 1
| #define HAVE_SYS_TYPES_H 1
| #define HAVE_SYS_STAT_H 1
| #define HAVE_STDLIB_H 1
| #define HAVE_STRING_H 1
| #define HAVE_MEMORY_H 1
| #define HAVE_STRINGS_H 1
| #define HAVE_INTTYPES_H 1
| #define HAVE_STDINT_H 1
| #define HAVE_UNISTD_H 1
| #define __EXTENSIONS__ 1
| #define _ALL_SOURCE 1
| #define _GNU_SOURCE 1
| #define _POSIX_PTHREAD_SEMANTICS 1
| #define _TANDEM_SOURCE 1
| #define HAVE_DLFCN_H 1
| #define LT_OBJDIR ".libs/"
| /* end confdefs.h.  */
| 
| /* Override any GCC internal prototype to avoid an error.
|    Use char because int might match the return type of a GCC
|    builtin and then its argument prototype would still apply.  */
| #ifdef __cplusplus
| extern "C"
| #endif
| char shl_load ();
| int
| main ()
| {
| return shl_load ();
|   ;
|   return 0;
| }
configure:11234: result: no
configure:11239: checking for dlopen
configure:11239: gcc -o conftest -g -O2    conftest.c  >&5
/tmp/cccLXT72.o: In function `main':
/home/kramer/sparcmt/lib/sim/disasm/binutils-2.22/bfd/conftest.c:62: undefined reference to `dlopen'
collect2: ld returned 1 exit status
configure:11239: $? = 1
configure: failed program was:
| /* confdefs.h */
| #define PACKAGE_NAME ""
| #define PACKAGE_TARNAME ""
| #define PACKAGE_VERSION ""
| #define PACKAGE_STRING ""
| #define PACKAGE_BUGREPORT ""
| #define PACKAGE_URL ""
| #define PACKAGE "bfd"
| #define VERSION "2.22"
| #define STDC_HEADERS 1
| #define HAVE_SYS_TYPES_H 1
| #define HAVE_SYS_STAT_H 1
| #define HAVE_STDLIB_H 1
| #define HAVE_STRING_H 1
| #define HAVE_MEMORY_H 1
| #define HAVE_STRINGS_H 1
| #define HAVE_INTTYPES_H 1
| #define HAVE_STDINT_H 1
| #define HAVE_UNISTD_H 1
| #define __EXTENSIONS__ 1
| #define _ALL_SOURCE 1
| #define _GNU_SOURCE 1
| #define _POSIX_PTHREAD_SEMANTICS 1
| #define _TANDEM_SOURCE 1
| #define HAVE_DLFCN_H 1
| #define LT_OBJDIR ".libs/"
| /* end confdefs.h.  */
| /* Define dlopen to an innocuous variant, in case <limits.h> declares dlopen.
|    For example, HP-UX 11i <limits.h> declares gettimeofday.  */
| #define dlopen innocuous_dlopen
| 
| /* System header to define __stub macros and hopefully few prototypes,
|     which can conflict with char dlopen (); below.
|     Prefer <limits.h> to <assert.h> if __STDC__ is defined, since
|     <limits.h> exists even on freestanding compilers.  */
| 
| #ifdef __STDC__
| # include <limits.h>
| #else
| # include <assert.h>
| #endif
| 
| #undef dlopen
| 
| /* Override any GCC internal prototype to avoid an error.
|    Use char because int might match the return type of a GCC
|    builtin and then its argument prototype would still apply.  */
| #ifdef __cplusplus
| extern "C"
| #endif
| char dlopen ();
| /* The GNU C library defines this for functions which it implements
|     to always fail with ENOSYS.  Some functions are actually named
|     something starting with __ and the normal name is an alias.  */
| #if defined __stub_dlopen || defined __stub___dlopen
| choke me
| #endif
| 
| int
| main ()
| {
| return dlopen ();
|   ;
|   return 0;
| }
configure:11239: result: no
configure:11243: checking for dlopen in -ldl
configure:11268: gcc -o conftest -g -O2    conftest.c -ldl   >&5
configure:11268: $? = 0
configure:11277: result: yes
configure:11396: checking whether a program can dlopen itself
configure:11476: gcc -o conftest -g -O2  -DHAVE_DLFCN_H   -Wl,--export-dynamic conftest.c -ldl  >&5
configure:11479: $? = 0
configure:11497: result: yes
configure:11502: checking whether a statically linked program can dlopen itself
configure:11582: gcc -o conftest -g -O2  -DHAVE_DLFCN_H   -Wl,--export-dynamic  conftest.c -ldl  >&5
configure:11585: $? = 0
configure:11603: result: yes
configure:11642: checking whether stripping libraries is possible
configure:11647: result: yes
configure:11682: checking if libtool supports shared libraries
configure:11684: result: yes
configure:11687: checking whether to build shared libraries
configure:11708: result: yes
configure:11711: checking whether to build static libraries
configure:11715: result: yes
configure:11795: checking for special C compiler options needed for large files
configure:11840: result: no
configure:11846: checking for _FILE_OFFSET_BITS value needed for large files
configure:11871: gcc -c -g -O2  conftest.c >&5
configure:11871: $? = 0
configure:11903: result: no
configure:12225: checking whether to enable maintainer-specific portions of Makefiles
configure:12234: result: no
configure:12270: checking whether to install libbfd
configure:12283: result: yes
configure:12333: checking whether NLS is requested
configure:12339: result: yes
configure:12345: checking for catalogs to be installed
configure:12377: result:  da es fi fr id ja ro ru rw sv tr vi zh_CN da es fi fr id ja ro ru rw sv tr vi zh_CN
configure:12404: checking whether NLS is requested
configure:12413: result: yes
configure:12451: checking for msgfmt
configure:12482: result: /usr/bin/msgfmt
configure:12491: checking for gmsgfmt
configure:12522: result: /usr/bin/msgfmt
configure:12562: checking for xgettext
configure:12593: result: /usr/bin/xgettext
configure:12633: checking for msgmerge
configure:12663: result: /usr/bin/msgmerge
configure:12716: checking size of long long
configure:12721: gcc -o conftest -g -O2    conftest.c  >&5
configure:12721: $? = 0
configure:12721: ./conftest
configure:12721: $? = 0
configure:12736: result: 8
configure:12750: checking size of void *
configure:12755: gcc -o conftest -g -O2    conftest.c  >&5
configure:12755: $? = 0
configure:12755: ./conftest
configure:12755: $? = 0
configure:12770: result: 8
configure:12784: checking size of long
configure:12789: gcc -o conftest -g -O2    conftest.c  >&5
configure:12789: $? = 0
configure:12789: ./conftest
configure:12789: $? = 0
configure:12804: result: 8
configure:12886: checking alloca.h usability
configure:12886: gcc -c -g -O2  conftest.c >&5
configure:12886: $? = 0
configure:12886: result: yes
configure:12886: checking alloca.h presence
configure:12886: gcc -E  conftest.c
configure:12886: $? = 0
configure:12886: result: yes
configure:12886: checking for alloca.h
configure:12886: result: yes
configure:12886: checking stddef.h usability
configure:12886: gcc -c -g -O2  conftest.c >&5
configure:12886: $? = 0
configure:12886: result: yes
configure:12886: checking stddef.h presence
configure:12886: gcc -E  conftest.c
configure:12886: $? = 0
configure:12886: result: yes
configure:12886: checking for stddef.h
configure:12886: result: yes
configure:12886: checking for string.h
configure:12886: result: yes
configure:12886: checking for strings.h
configure:12886: result: yes
configure:12886: checking for stdlib.h
configure:12886: result: yes
configure:12886: checking time.h usability
configure:12886: gcc -c -g -O2  conftest.c >&5
configure:12886: $? = 0
configure:12886: result: yes
configure:12886: checking time.h presence
configure:12886: gcc -E  conftest.c
configure:12886: $? = 0
configure:12886: result: yes
configure:12886: checking for time.h
configure:12886: result: yes
configure:12886: checking for unistd.h
configure:12886: result: yes
configure:12900: checking fcntl.h usability
configure:12900: gcc -c -g -O2  conftest.c >&5
configure:12900: $? = 0
configure:12900: result: yes
configure:12900: checking fcntl.h presence
configure:12900: gcc -E  conftest.c
configure:12900: $? = 0
configure:12900: result: yes
configure:12900: checking for fcntl.h
configure:12900: result: yes
configure:12900: checking sys/file.h usability
configure:12900: gcc -c -g -O2  conftest.c >&5
configure:12900: $? = 0
configure:12900: result: yes
configure:12900: checking sys/file.h presence
configure:12900: gcc -E  conftest.c
configure:12900: $? = 0
configure:12900: result: yes
configure:12900: checking for sys/file.h
configure:12900: result: yes
configure:12900: checking sys/time.h usability
configure:12900: gcc -c -g -O2  conftest.c >&5
configure:12900: $? = 0
configure:12900: result: yes
configure:12900: checking sys/time.h presence
configure:12900: gcc -E  conftest.c
configure:12900: $? = 0
configure:12900: result: yes
configure:12900: checking for sys/time.h
configure:12900: result: yes
configure:12900: checking for sys/stat.h
configure:12900: result: yes
configure:12924: checking for uintmax_t
configure:12924: gcc -c -g -O2  conftest.c >&5
configure:12924: $? = 0
configure:12924: gcc -c -g -O2  conftest.c >&5
conftest.c: In function 'main':
conftest.c:49: error: expected expression before ')' token
configure:12924: $? = 1
configure: failed program was:
| /* confdefs.h */
| #define PACKAGE_NAME ""
| #define PACKAGE_TARNAME ""
| #define PACKAGE_VERSION ""
| #define PACKAGE_STRING ""
| #define PACKAGE_BUGREPORT ""
| #define PACKAGE_URL ""
| #define PACKAGE "bfd"
| #define VERSION "2.22"
| #define STDC_HEADERS 1
| #define HAVE_SYS_TYPES_H 1
| #define HAVE_SYS_STAT_H 1
| #define HAVE_STDLIB_H 1
| #define HAVE_STRING_H 1
| #define HAVE_MEMORY_H 1
| #define HAVE_STRINGS_H 1
| #define HAVE_INTTYPES_H 1
| #define HAVE_STDINT_H 1
| #define HAVE_UNISTD_H 1
| #define __EXTENSIONS__ 1
| #define _ALL_SOURCE 1
| #define _GNU_SOURCE 1
| #define _POSIX_PTHREAD_SEMANTICS 1
| #define _TANDEM_SOURCE 1
| #define HAVE_DLFCN_H 1
| #define LT_OBJDIR ".libs/"
| #define ENABLE_NLS 1
| #define SIZEOF_LONG_LONG 8
| #define SIZEOF_VOID_P 8
| #define SIZEOF_LONG 8
| #define HAVE_ALLOCA_H 1
| #define HAVE_STDDEF_H 1
| #define HAVE_STRING_H 1
| #define HAVE_STRINGS_H 1
| #define HAVE_STDLIB_H 1
| #define HAVE_TIME_H 1
| #define HAVE_UNISTD_H 1
| #define HAVE_FCNTL_H 1
| #define HAVE_SYS_FILE_H 1
| #define HAVE_SYS_TIME_H 1
| #define HAVE_SYS_STAT_H 1
| /* end confdefs.h.  */
| #include <sys/types.h>
| #include <stdint.h>
| 
| int
| main ()
| {
| if (sizeof ((uintmax_t)))
| 	    return 0;
|   ;
|   return 0;
| }
configure:12924: result: yes
configure:12933: checking for uintptr_t
configure:12933: gcc -c -g -O2  conftest.c >&5
configure:12933: $? = 0
configure:12933: gcc -c -g -O2  conftest.c >&5
conftest.c: In function 'main':
conftest.c:49: error: expected expression before ')' token
configure:12933: $? = 1
configure: failed program was:
| /* confdefs.h */
| #define PACKAGE_NAME ""
| #define PACKAGE_TARNAME ""
| #define PACKAGE_VERSION ""
| #define PACKAGE_STRING ""
| #define PACKAGE_BUGREPORT ""
| #define PACKAGE_URL ""
| #define PACKAGE "bfd"
| #define VERSION "2.22"
| #define STDC_HEADERS 1
| #define HAVE_SYS_TYPES_H 1
| #define HAVE_SYS_STAT_H 1
| #define HAVE_STDLIB_H 1
| #define HAVE_STRING_H 1
| #define HAVE_MEMORY_H 1
| #define HAVE_STRINGS_H 1
| #define HAVE_INTTYPES_H 1
| #define HAVE_STDINT_H 1
| #define HAVE_UNISTD_H 1
| #define __EXTENSIONS__ 1
| #define _ALL_SOURCE 1
| #define _GNU_SOURCE 1
| #define _POSIX_PTHREAD_SEMANTICS 1
| #define _TANDEM_SOURCE 1
| #define HAVE_DLFCN_H 1
| #define LT_OBJDIR ".libs/"
| #define ENABLE_NLS 1
| #define SIZEOF_LONG_LONG 8
| #define SIZEOF_VOID_P 8
| #define SIZEOF_LONG 8
| #define HAVE_ALLOCA_H 1
| #define HAVE_STDDEF_H 1
| #define HAVE_STRING_H 1
| #define HAVE_STRINGS_H 1
| #define HAVE_STDLIB_H 1
| #define HAVE_TIME_H 1
| #define HAVE_UNISTD_H 1
| #define HAVE_FCNTL_H 1
| #define HAVE_SYS_FILE_H 1
| #define HAVE_SYS_TIME_H 1
| #define HAVE_SYS_STAT_H 1
| /* end confdefs.h.  */
| #include <sys/types.h>
| #include <stdint.h>
| 
| int
| main ()
| {
| if (sizeof ((uintptr_t)))
| 	    return 0;
|   ;
|   return 0;
| }
configure:12933: result: yes
configure:12942: checking for int_least32_t
configure:12942: gcc -c -g -O2  conftest.c >&5
configure:12942: $? = 0
configure:12942: gcc -c -g -O2  conftest.c >&5
conftest.c: In function 'main':
conftest.c:49: error: expected expression before ')' token
configure:12942: $? = 1
configure: failed program was:
| /* confdefs.h */
| #define PACKAGE_NAME ""
| #define PACKAGE_TARNAME ""
| #define PACKAGE_VERSION ""
| #define PACKAGE_STRING ""
| #define PACKAGE_BUGREPORT ""
| #define PACKAGE_URL ""
| #define PACKAGE "bfd"
| #define VERSION "2.22"
| #define STDC_HEADERS 1
| #define HAVE_SYS_TYPES_H 1
| #define HAVE_SYS_STAT_H 1
| #define HAVE_STDLIB_H 1
| #define HAVE_STRING_H 1
| #define HAVE_MEMORY_H 1
| #define HAVE_STRINGS_H 1
| #define HAVE_INTTYPES_H 1
| #define HAVE_STDINT_H 1
| #define HAVE_UNISTD_H 1
| #define __EXTENSIONS__ 1
| #define _ALL_SOURCE 1
| #define _GNU_SOURCE 1
| #define _POSIX_PTHREAD_SEMANTICS 1
| #define _TANDEM_SOURCE 1
| #define HAVE_DLFCN_H 1
| #define LT_OBJDIR ".libs/"
| #define ENABLE_NLS 1
| #define SIZEOF_LONG_LONG 8
| #define SIZEOF_VOID_P 8
| #define SIZEOF_LONG 8
| #define HAVE_ALLOCA_H 1
| #define HAVE_STDDEF_H 1
| #define HAVE_STRING_H 1
| #define HAVE_STRINGS_H 1
| #define HAVE_STDLIB_H 1
| #define HAVE_TIME_H 1
| #define HAVE_UNISTD_H 1
| #define HAVE_FCNTL_H 1
| #define HAVE_SYS_FILE_H 1
| #define HAVE_SYS_TIME_H 1
| #define HAVE_SYS_STAT_H 1
| /* end confdefs.h.  */
| #include <sys/types.h>
| #include <stdint.h>
| 
| int
| main ()
| {
| if (sizeof ((int_least32_t)))
| 	    return 0;
|   ;
|   return 0;
| }
configure:12942: result: yes
configure:12951: checking for int_fast32_t
configure:12951: gcc -c -g -O2  conftest.c >&5
configure:12951: $? = 0
configure:12951: gcc -c -g -O2  conftest.c >&5
conftest.c: In function 'main':
conftest.c:49: error: expected expression before ')' token
configure:12951: $? = 1
configure: failed program was:
| /* confdefs.h */
| #define PACKAGE_NAME ""
| #define PACKAGE_TARNAME ""
| #define PACKAGE_VERSION ""
| #define PACKAGE_STRING ""
| #define PACKAGE_BUGREPORT ""
| #define PACKAGE_URL ""
| #define PACKAGE "bfd"
| #define VERSION "2.22"
| #define STDC_HEADERS 1
| #define HAVE_SYS_TYPES_H 1
| #define HAVE_SYS_STAT_H 1
| #define HAVE_STDLIB_H 1
| #define HAVE_STRING_H 1
| #define HAVE_MEMORY_H 1
| #define HAVE_STRINGS_H 1
| #define HAVE_INTTYPES_H 1
| #define HAVE_STDINT_H 1
| #define HAVE_UNISTD_H 1
| #define __EXTENSIONS__ 1
| #define _ALL_SOURCE 1
| #define _GNU_SOURCE 1
| #define _POSIX_PTHREAD_SEMANTICS 1
| #define _TANDEM_SOURCE 1
| #define HAVE_DLFCN_H 1
| #define LT_OBJDIR ".libs/"
| #define ENABLE_NLS 1
| #define SIZEOF_LONG_LONG 8
| #define SIZEOF_VOID_P 8
| #define SIZEOF_LONG 8
| #define HAVE_ALLOCA_H 1
| #define HAVE_STDDEF_H 1
| #define HAVE_STRING_H 1
| #define HAVE_STRINGS_H 1
| #define HAVE_STDLIB_H 1
| #define HAVE_TIME_H 1
| #define HAVE_UNISTD_H 1
| #define HAVE_FCNTL_H 1
| #define HAVE_SYS_FILE_H 1
| #define HAVE_SYS_TIME_H 1
| #define HAVE_SYS_STAT_H 1
| /* end confdefs.h.  */
| #include <sys/types.h>
| #include <stdint.h>
| 
| int
| main ()
| {
| if (sizeof ((int_fast32_t)))
| 	    return 0;
|   ;
|   return 0;
| }
configure:12951: result: yes
configure:12960: checking for uint64_t
configure:12960: gcc -c -g -O2  conftest.c >&5
configure:12960: $? = 0
configure:12960: gcc -c -g -O2  conftest.c >&5
conftest.c: In function 'main':
conftest.c:49: error: expected expression before ')' token
configure:12960: $? = 1
configure: failed program was:
| /* confdefs.h */
| #define PACKAGE_NAME ""
| #define PACKAGE_TARNAME ""
| #define PACKAGE_VERSION ""
| #define PACKAGE_STRING ""
| #define PACKAGE_BUGREPORT ""
| #define PACKAGE_URL ""
| #define PACKAGE "bfd"
| #define VERSION "2.22"
| #define STDC_HEADERS 1
| #define HAVE_SYS_TYPES_H 1
| #define HAVE_SYS_STAT_H 1
| #define HAVE_STDLIB_H 1
| #define HAVE_STRING_H 1
| #define HAVE_MEMORY_H 1
| #define HAVE_STRINGS_H 1
| #define HAVE_INTTYPES_H 1
| #define HAVE_STDINT_H 1
| #define HAVE_UNISTD_H 1
| #define __EXTENSIONS__ 1
| #define _ALL_SOURCE 1
| #define _GNU_SOURCE 1
| #define _POSIX_PTHREAD_SEMANTICS 1
| #define _TANDEM_SOURCE 1
| #define HAVE_DLFCN_H 1
| #define LT_OBJDIR ".libs/"
| #define ENABLE_NLS 1
| #define SIZEOF_LONG_LONG 8
| #define SIZEOF_VOID_P 8
| #define SIZEOF_LONG 8
| #define HAVE_ALLOCA_H 1
| #define HAVE_STDDEF_H 1
| #define HAVE_STRING_H 1
| #define HAVE_STRINGS_H 1
| #define HAVE_STDLIB_H 1
| #define HAVE_TIME_H 1
| #define HAVE_UNISTD_H 1
| #define HAVE_FCNTL_H 1
| #define HAVE_SYS_FILE_H 1
| #define HAVE_SYS_TIME_H 1
| #define HAVE_SYS_STAT_H 1
| /* end confdefs.h.  */
| #include <sys/types.h>
| #include <stdint.h>
| 
| int
| main ()
| {
| if (sizeof ((uint64_t)))
| 	    return 0;
|   ;
|   return 0;
| }
configure:12960: result: yes
configure:13041: checking what to include in bfd_stdint.h
configure:13069: result: stdint.h (already complete)
configure:13317: checking whether time.h and sys/time.h may both be included
configure:13337: gcc -c -g -O2  conftest.c >&5
configure:13337: $? = 0
configure:13344: result: yes
configure:13355: checking for dirent.h that defines DIR
configure:13374: gcc -c -g -O2  conftest.c >&5
configure:13374: $? = 0
configure:13382: result: yes
configure:13396: checking for library containing opendir
configure:13427: gcc -o conftest -g -O2    conftest.c  >&5
configure:13427: $? = 0
configure:13444: result: none required
configure:13511: checking whether string.h and strings.h may both be included
configure:13528: gcc -c -g -O2  conftest.c >&5
configure:13528: $? = 0
configure:13535: result: yes
configure:13546: checking for fcntl
configure:13546: gcc -o conftest -g -O2    conftest.c  >&5
configure:13546: $? = 0
configure:13546: result: yes
configure:13546: checking for getpagesize
configure:13546: gcc -o conftest -g -O2    conftest.c  >&5
configure:13546: $? = 0
configure:13546: result: yes
configure:13546: checking for setitimer
configure:13546: gcc -o conftest -g -O2    conftest.c  >&5
configure:13546: $? = 0
configure:13546: result: yes
configure:13546: checking for sysconf
configure:13546: gcc -o conftest -g -O2    conftest.c  >&5
configure:13546: $? = 0
configure:13546: result: yes
configure:13546: checking for fdopen
configure:13546: gcc -o conftest -g -O2    conftest.c  >&5
configure:13546: $? = 0
configure:13546: result: yes
configure:13546: checking for getuid
configure:13546: gcc -o conftest -g -O2    conftest.c  >&5
configure:13546: $? = 0
configure:13546: result: yes
configure:13546: checking for getgid
configure:13546: gcc -o conftest -g -O2    conftest.c  >&5
configure:13546: $? = 0
configure:13546: result: yes
configure:13546: checking for fileno
configure:13546: gcc -o conftest -g -O2    conftest.c  >&5
configure:13546: $? = 0
configure:13546: result: yes
configure:13558: checking for strtoull
configure:13558: gcc -o conftest -g -O2    conftest.c  >&5
configure:13558: $? = 0
configure:13558: result: yes
configure:13568: checking whether basename is declared
configure:13568: gcc -c -g -O2  conftest.c >&5
configure:13568: $? = 0
configure:13568: result: yes
configure:13579: checking whether ftello is declared
configure:13579: gcc -c -g -O2  conftest.c >&5
configure:13579: $? = 0
configure:13579: result: yes
configure:13590: checking whether ftello64 is declared
configure:13590: gcc -c -g -O2  conftest.c >&5
configure:13590: $? = 0
configure:13590: result: yes
configure:13601: checking whether fseeko is declared
configure:13601: gcc -c -g -O2  conftest.c >&5
configure:13601: $? = 0
configure:13601: result: yes
configure:13612: checking whether fseeko64 is declared
configure:13612: gcc -c -g -O2  conftest.c >&5
configure:13612: $? = 0
configure:13612: result: yes
configure:13632: checking whether ffs is declared
configure:13632: gcc -c -g -O2  conftest.c >&5
configure:13632: $? = 0
configure:13632: result: yes
configure:13643: checking whether free is declared
configure:13643: gcc -c -g -O2  conftest.c >&5
configure:13643: $? = 0
configure:13643: result: yes
configure:13654: checking whether getenv is declared
configure:13654: gcc -c -g -O2  conftest.c >&5
configure:13654: $? = 0
configure:13654: result: yes
configure:13665: checking whether malloc is declared
configure:13665: gcc -c -g -O2  conftest.c >&5
configure:13665: $? = 0
configure:13665: result: yes
configure:13676: checking whether realloc is declared
configure:13676: gcc -c -g -O2  conftest.c >&5
configure:13676: $? = 0
configure:13676: result: yes
configure:13687: checking whether stpcpy is declared
configure:13687: gcc -c -g -O2  conftest.c >&5
configure:13687: $? = 0
configure:13687: result: yes
configure:13698: checking whether strstr is declared
configure:13698: gcc -c -g -O2  conftest.c >&5
configure:13698: $? = 0
configure:13698: result: yes
configure:13709: checking whether snprintf is declared
configure:13709: gcc -c -g -O2  conftest.c >&5
configure:13709: $? = 0
configure:13709: result: yes
configure:13720: checking whether vsnprintf is declared
configure:13720: gcc -c -g -O2  conftest.c >&5
configure:13720: $? = 0
configure:13720: result: yes
configure:13746: checking for library containing zlibVersion
configure:13777: gcc -o conftest -g -O2    conftest.c  >&5
/tmp/cckL9kui.o: In function `main':
/home/kramer/sparcmt/lib/sim/disasm/binutils-2.22/bfd/conftest.c:80: undefined reference to `zlibVersion'
collect2: ld returned 1 exit status
configure:13777: $? = 1
configure: failed program was:
| /* confdefs.h */
| #define PACKAGE_NAME ""
| #define PACKAGE_TARNAME ""
| #define PACKAGE_VERSION ""
| #define PACKAGE_STRING ""
| #define PACKAGE_BUGREPORT ""
| #define PACKAGE_URL ""
| #define PACKAGE "bfd"
| #define VERSION "2.22"
| #define STDC_HEADERS 1
| #define HAVE_SYS_TYPES_H 1
| #define HAVE_SYS_STAT_H 1
| #define HAVE_STDLIB_H 1
| #define HAVE_STRING_H 1
| #define HAVE_MEMORY_H 1
| #define HAVE_STRINGS_H 1
| #define HAVE_INTTYPES_H 1
| #define HAVE_STDINT_H 1
| #define HAVE_UNISTD_H 1
| #define __EXTENSIONS__ 1
| #define _ALL_SOURCE 1
| #define _GNU_SOURCE 1
| #define _POSIX_PTHREAD_SEMANTICS 1
| #define _TANDEM_SOURCE 1
| #define HAVE_DLFCN_H 1
| #define LT_OBJDIR ".libs/"
| #define ENABLE_NLS 1
| #define SIZEOF_LONG_LONG 8
| #define SIZEOF_VOID_P 8
| #define SIZEOF_LONG 8
| #define HAVE_ALLOCA_H 1
| #define HAVE_STDDEF_H 1
| #define HAVE_STRING_H 1
| #define HAVE_STRINGS_H 1
| #define HAVE_STDLIB_H 1
| #define HAVE_TIME_H 1
| #define HAVE_UNISTD_H 1
| #define HAVE_FCNTL_H 1
| #define HAVE_SYS_FILE_H 1
| #define HAVE_SYS_TIME_H 1
| #define HAVE_SYS_STAT_H 1
| #define TIME_WITH_SYS_TIME 1
| #define HAVE_DIRENT_H 1
| #define STRING_WITH_STRINGS 1
| #define HAVE_FCNTL 1
| #define HAVE_GETPAGESIZE 1
| #define HAVE_SETITIMER 1
| #define HAVE_SYSCONF 1
| #define HAVE_FDOPEN 1
| #define HAVE_GETUID 1
| #define HAVE_GETGID 1
| #define HAVE_FILENO 1
| #define HAVE_STRTOULL 1
| #define HAVE_DECL_BASENAME 1
| #define HAVE_DECL_FTELLO 1
| #define HAVE_DECL_FTELLO64 1
| #define HAVE_DECL_FSEEKO 1
| #define HAVE_DECL_FSEEKO64 1
| #define HAVE_DECL_FFS 1
| #define HAVE_DECL_FREE 1
| #define HAVE_DECL_GETENV 1
| #define HAVE_DECL_MALLOC 1
| #define HAVE_DECL_REALLOC 1
| #define HAVE_DECL_STPCPY 1
| #define HAVE_DECL_STRSTR 1
| #define HAVE_DECL_SNPRINTF 1
| #define HAVE_DECL_VSNPRINTF 1
| /* end confdefs.h.  */
| 
| /* Override any GCC internal prototype to avoid an error.
|    Use char because int might match the return type of a GCC
|    builtin and then its argument prototype would still apply.  */
| #ifdef __cplusplus
| extern "C"
| #endif
| char zlibVersion ();
| int
| main ()
| {
| return zlibVersion ();
|   ;
|   return 0;
| }
configure:13777: gcc -o conftest -g -O2    conftest.c -lz   >&5
configure:13777: $? = 0
configure:13794: result: -lz
configure:13801: checking zlib.h usability
configure:13801: gcc -c -g -O2  conftest.c >&5
configure:13801: $? = 0
configure:13801: result: yes
configure:13801: checking zlib.h presence
configure:13801: gcc -E  conftest.c
configure:13801: $? = 0
configure:13801: result: yes
configure:13801: checking for zlib.h
configure:13801: result: yes
configure:14883: checking linker --as-needed support
configure:14894: result: yes
configure:14985: checking for cos in -lm
configure:15010: gcc -o conftest -g -O2    conftest.c -lm  -lz  >&5
conftest.c:77: warning: conflicting types for built-in function 'cos'
configure:15010: $? = 0
configure:15019: result: yes
configure:15550: checking for gcc version with buggy 64-bit support
configure:15563: result: no
configure:15601: checking for ftello
configure:15601: gcc -o conftest -g -O2    conftest.c -lz  >&5
configure:15601: $? = 0
configure:15601: result: yes
configure:15601: checking for ftello64
configure:15601: gcc -o conftest -g -O2    conftest.c -lz  >&5
configure:15601: $? = 0
configure:15601: result: yes
configure:15601: checking for fseeko
configure:15601: gcc -o conftest -g -O2    conftest.c -lz  >&5
configure:15601: $? = 0
configure:15601: result: yes
configure:15601: checking for fseeko64
configure:15601: gcc -o conftest -g -O2    conftest.c -lz  >&5
configure:15601: $? = 0
configure:15601: result: yes
configure:15601: checking for fopen64
configure:15601: gcc -o conftest -g -O2    conftest.c -lz  >&5
configure:15601: $? = 0
configure:15601: result: yes
configure:15616: checking size of off_t
configure:15621: gcc -o conftest -g -O2    conftest.c -lz  >&5
configure:15621: $? = 0
configure:15621: ./conftest
configure:15621: $? = 0
configure:15636: result: 8
configure:15647: checking file_ptr type
configure:15656: result: BFD_HOST_64_BIT
configure:15673: checking for stdlib.h
configure:15673: result: yes
configure:15673: checking for unistd.h
configure:15673: result: yes
configure:15686: checking for getpagesize
configure:15686: result: yes
configure:15695: checking for working mmap
configure:15832: gcc -o conftest -g -O2    conftest.c -lz  >&5
configure:15832: $? = 0
configure:15832: ./conftest
configure:15832: $? = 0
configure:15842: result: yes
configure:15854: checking for madvise
configure:15854: gcc -o conftest -g -O2    conftest.c -lz  >&5
configure:15854: $? = 0
configure:15854: result: yes
configure:15854: checking for mprotect
configure:15854: gcc -o conftest -g -O2    conftest.c -lz  >&5
configure:15854: $? = 0
configure:15854: result: yes
configure:15947: updating cache ./config.cache
configure:16016: creating ./config.status

## ---------------------- ##
## Running config.status. ##
## ---------------------- ##

This file was extended by config.status, which was
generated by GNU Autoconf 2.64.  Invocation command line was

  CONFIG_FILES    = 
  CONFIG_HEADERS  = 
  CONFIG_LINKS    = 
  CONFIG_COMMANDS = 
  $ ./config.status 

on yang

config.status:1220: creating Makefile
config.status:1220: creating doc/Makefile
config.status:1220: creating bfd-in3.h
config.status:1220: creating po/Makefile.in
config.status:1220: creating config.h
config.status:1440: executing depfiles commands
config.status:1440: executing libtool commands
config.status:1440: executing default-1 commands
config.status:1440: executing bfd_stdint.h commands
config.status:1440: executing default commands

## ---------------- ##
## Cache variables. ##
## ---------------- ##

ac_cv_build=x86_64-unknown-linux-gnu
ac_cv_c_compiler_gnu=yes
ac_cv_env_CC_set=set
ac_cv_env_CC_value=gcc
ac_cv_env_CFLAGS_set=set
ac_cv_env_CFLAGS_value='-g -O2'
ac_cv_env_CPPFLAGS_set=
ac_cv_env_CPPFLAGS_value=
ac_cv_env_CPP_set=
ac_cv_env_CPP_value=
ac_cv_env_LDFLAGS_set=set
ac_cv_env_LDFLAGS_value=' '
ac_cv_env_LIBS_set=
ac_cv_env_LIBS_value=
ac_cv_env_build_alias_set=set
ac_cv_env_build_alias_value=x86_64-unknown-linux-gnu
ac_cv_env_host_alias_set=set
ac_cv_env_host_alias_value=x86_64-unknown-linux-gnu
ac_cv_env_target_alias_set=set
ac_cv_env_target_alias_value=sparc-linux
ac_cv_func_dlopen=no
ac_cv_func_fcntl=yes
ac_cv_func_fdopen=yes
ac_cv_func_fileno=yes
ac_cv_func_fopen64=yes
ac_cv_func_fseeko64=yes
ac_cv_func_fseeko=yes
ac_cv_func_ftello64=yes
ac_cv_func_ftello=yes
ac_cv_func_getgid=yes
ac_cv_func_getpagesize=yes
ac_cv_func_getuid=yes
ac_cv_func_madvise=yes
ac_cv_func_mmap_fixed_mapped=yes
ac_cv_func_mprotect=yes
ac_cv_func_setitimer=yes
ac_cv_func_shl_load=no
ac_cv_func_strtoull=yes
ac_cv_func_sysconf=yes
ac_cv_have_decl_basename=yes
ac_cv_have_decl_ffs=yes
ac_cv_have_decl_free=yes
ac_cv_have_decl_fseeko64=yes
ac_cv_have_decl_fseeko=yes
ac_cv_have_decl_ftello64=yes
ac_cv_have_decl_ftello=yes
ac_cv_have_decl_getenv=yes
ac_cv_have_decl_malloc=yes
ac_cv_have_decl_realloc=yes
ac_cv_have_decl_snprintf=yes
ac_cv_have_decl_stpcpy=yes
ac_cv_have_decl_strstr=yes
ac_cv_have_decl_vsnprintf=yes
ac_cv_header_alloca_h=yes
ac_cv_header_dirent_dirent_h=yes
ac_cv_header_dlfcn_h=yes
ac_cv_header_fcntl_h=yes
ac_cv_header_inttypes_h=yes
ac_cv_header_memory_h=yes
ac_cv_header_minix_config_h=no
ac_cv_header_stdc=yes
ac_cv_header_stddef_h=yes
ac_cv_header_stdint_h=yes
ac_cv_header_stdlib_h=yes
ac_cv_header_string_h=yes
ac_cv_header_strings_h=yes
ac_cv_header_sys_file_h=yes
ac_cv_header_sys_stat_h=yes
ac_cv_header_sys_time_h=yes
ac_cv_header_sys_types_h=yes
ac_cv_header_time=yes
ac_cv_header_time_h=yes
ac_cv_header_unistd_h=yes
ac_cv_header_zlib_h=yes
ac_cv_host=x86_64-unknown-linux-gnu
ac_cv_lib_dl_dlopen=yes
ac_cv_lib_dld_shl_load=no
ac_cv_lib_m_cos=yes
ac_cv_objext=o
ac_cv_path_EGREP='/bin/grep -E'
ac_cv_path_FGREP='/bin/grep -F'
ac_cv_path_GMSGFMT=/usr/bin/msgfmt
ac_cv_path_GREP=/bin/grep
ac_cv_path_MSGFMT=/usr/bin/msgfmt
ac_cv_path_MSGMERGE=/usr/bin/msgmerge
ac_cv_path_SED=/bin/sed
ac_cv_path_XGETTEXT=/usr/bin/xgettext
ac_cv_path_mkdir=/bin/mkdir
ac_cv_prog_AR=ar
ac_cv_prog_AWK=gawk
ac_cv_prog_CC=gcc
ac_cv_prog_CPP='gcc -E'
ac_cv_prog_OBJDUMP=objdump
ac_cv_prog_RANLIB=ranlib
ac_cv_prog_ac_ct_STRIP=strip
ac_cv_prog_cc_c89=
ac_cv_prog_cc_g=yes
ac_cv_prog_make_make_set=yes
ac_cv_safe_to_define___extensions__=yes
ac_cv_search_opendir='none required'
ac_cv_search_strerror='none required'
ac_cv_search_zlibVersion=-lz
ac_cv_sizeof_long=8
ac_cv_sizeof_long_long=8
ac_cv_sizeof_off_t=8
ac_cv_sizeof_void_p=8
ac_cv_sys_file_offset_bits=no
ac_cv_sys_largefile_CC=no
ac_cv_target=sparc-unknown-linux-gnu
ac_cv_type_int_fast32_t=yes
ac_cv_type_int_least32_t=yes
ac_cv_type_u_int64_t=no
ac_cv_type_uint64_t=yes
ac_cv_type_uintmax_t=yes
ac_cv_type_uintptr_t=yes
acx_cv_header_stdint=stdint.h
acx_cv_header_stdint_kind='(already complete)'
am_cv_CC_dependencies_compiler_type=gcc3
bfd_cv_ld_as_needed=yes
gcc_cv_header_string=yes
lt_cv_archive_cmds_need_lc=no
lt_cv_deplibs_check_method=pass_all
lt_cv_dlopen=dlopen
lt_cv_dlopen_libs=-ldl
lt_cv_dlopen_self=yes
lt_cv_dlopen_self_static=yes
lt_cv_file_magic_cmd='$MAGIC_CMD'
lt_cv_file_magic_test_file=
lt_cv_ld_reload_flag=-r
lt_cv_nm_interface='BSD nm'
lt_cv_objdir=.libs
lt_cv_path_LD=ld
lt_cv_path_NM=nm
lt_cv_prog_compiler_c_o=yes
lt_cv_prog_compiler_pic_works=yes
lt_cv_prog_compiler_rtti_exceptions=no
lt_cv_prog_compiler_static_works=no
lt_cv_prog_gnu_ld=yes
lt_cv_shlibpath_overrides_runpath=no
lt_cv_sys_global_symbol_pipe='sed -n -e '\''s/^.*[	 ]\([ABCDGIRSTW][ABCDGIRSTW]*\)[	 ][	 ]*\([_A-Za-z][_A-Za-z0-9]*\)$/\1 \2 \2/p'\'''
lt_cv_sys_global_symbol_to_c_name_address='sed -n -e '\''s/^: \([^ ]*\) $/  {\"\1\", (void *) 0},/p'\'' -e '\''s/^[ABCDGIRSTW]* \([^ ]*\) \([^ ]*\)$/  {"\2", (void *) \&\2},/p'\'''
lt_cv_sys_global_symbol_to_c_name_address_lib_prefix='sed -n -e '\''s/^: \([^ ]*\) $/  {\"\1\", (void *) 0},/p'\'' -e '\''s/^[ABCDGIRSTW]* \([^ ]*\) \(lib[^ ]*\)$/  {"\2", (void *) \&\2},/p'\'' -e '\''s/^[ABCDGIRSTW]* \([^ ]*\) \([^ ]*\)$/  {"lib\2", (void *) \&\2},/p'\'''
lt_cv_sys_global_symbol_to_cdecl='sed -n -e '\''s/^T .* \(.*\)$/extern int \1();/p'\'' -e '\''s/^[ABCDGIRSTW]* .* \(.*\)$/extern char \1;/p'\'''
lt_cv_sys_max_cmd_len=1966080

## ----------------- ##
## Output variables. ##
## ----------------- ##

ACLOCAL='${SHELL} /home/kramer/sparcmt/lib/sim/disasm/binutils-2.22/missing --run aclocal-1.11'
AMDEPBACKSLASH='\'
AMDEP_FALSE='#'
AMDEP_TRUE=''
AMTAR='${SHELL} /home/kramer/sparcmt/lib/sim/disasm/binutils-2.22/missing --run tar'
AR='ar'
AUTOCONF='${SHELL} /home/kramer/sparcmt/lib/sim/disasm/binutils-2.22/missing --run autoconf'
AUTOHEADER='${SHELL} /home/kramer/sparcmt/lib/sim/disasm/binutils-2.22/missing --run autoheader'
AUTOMAKE='${SHELL} /home/kramer/sparcmt/lib/sim/disasm/binutils-2.22/missing --run automake-1.11'
AWK='gawk'
BFD_HOSTPTR_T='unsigned long'
BFD_HOST_64BIT_LONG='1'
BFD_HOST_64BIT_LONG_LONG='0'
BFD_HOST_64_BIT='long'
BFD_HOST_64_BIT_DEFINED='1'
BFD_HOST_U_64_BIT='unsigned long'
CATALOGS=' da.gmo es.gmo fi.gmo fr.gmo id.gmo ja.gmo ro.gmo ru.gmo rw.gmo sv.gmo tr.gmo vi.gmo zh_CN.gmo da.gmo es.gmo fi.gmo fr.gmo id.gmo ja.gmo ro.gmo ru.gmo rw.gmo sv.gmo tr.gmo vi.gmo zh_CN.gmo'
CATOBJEXT='.gmo'
CC='gcc'
CCDEPMODE='depmode=gcc3'
CC_FOR_BUILD='gcc'
CFLAGS='-g -O2'
COREFILE=''
COREFLAG=''
CPP='gcc -E'
CPPFLAGS=''
CYGPATH_W='echo'
DATADIRNAME='share'
DEBUGDIR='${exec_prefix}/lib/debug'
DEFS='-DHAVE_CONFIG_H'
DEPDIR='.deps'
DSYMUTIL=''
DUMPBIN=''
ECHO_C=''
ECHO_N='-n'
ECHO_T=''
EGREP='/bin/grep -E'
EXEEXT=''
EXEEXT_FOR_BUILD='$(EXEEXT)'
FGREP='/bin/grep -F'
GENCAT='gencat'
GENINSRC_NEVER_FALSE=''
GENINSRC_NEVER_TRUE='#'
GMSGFMT='/usr/bin/msgfmt'
GREP='/bin/grep'
HDEFINES=''
INCINTL=''
INSTALL_DATA='/usr/bin/install -c -m 644'
INSTALL_LIBBFD_FALSE='#'
INSTALL_LIBBFD_TRUE=''
INSTALL_PROGRAM='/usr/bin/install -c'
INSTALL_SCRIPT='/usr/bin/install -c'
INSTALL_STRIP_PROGRAM='$(install_sh) -c -s'
INSTOBJEXT='.mo'
LD='ld -m elf_x86_64'
LDFLAGS=' '
LIBINTL=''
LIBINTL_DEP=''
LIBM='-lm'
LIBOBJS=''
LIBS='-lz '
LIBTOOL='$(SHELL) $(top_builddir)/libtool'
LIPO=''
LN_S='ln -s'
LTLIBOBJS=''
MAINT='#'
MAINTAINER_MODE_FALSE=''
MAINTAINER_MODE_TRUE='#'
MAKEINFO='makeinfo --split-size=5000000'
MKDIR_P='/bin/mkdir -p'
MKINSTALLDIRS='$(top_builddir)/./../mkinstalldirs'
MSGFMT='/usr/bin/msgfmt'
MSGMERGE='/usr/bin/msgmerge'
NM='nm'
NMEDIT=''
NO_WERROR='-Wno-error'
OBJDUMP='objdump'
OBJEXT='o'
OTOOL64=''
OTOOL=''
PACKAGE='bfd'
PACKAGE_BUGREPORT=''
PACKAGE_NAME=''
PACKAGE_STRING=''
PACKAGE_TARNAME=''
PACKAGE_URL=''
PACKAGE_VERSION=''
PATH_SEPARATOR=':'
PKGVERSION='(GNU Binutils) '
PLUGINS_FALSE=''
PLUGINS_TRUE='#'
POSUB='po'
RANLIB='ranlib'
REPORT_BUGS_TEXI='@uref{http://www.sourceware.org/bugzilla/}'
REPORT_BUGS_TO='<http://www.sourceware.org/bugzilla/>'
SED='/bin/sed'
SET_MAKE=''
SHARED_LDFLAGS=''
SHARED_LIBADD='-L/home/kramer/sparcmt/lib/sim/disasm/binutils-2.22/bfd/../libiberty/pic -liberty -Wl,-lc,--as-needed,-lm,--no-as-needed'
SHELL='/bin/sh'
STRIP='strip'
TDEFINES=' '
USE_NLS='yes'
VERSION='2.22'
WARN_CFLAGS='-W -Wall -Wstrict-prototypes -Wmissing-prototypes -Wshadow -Werror'
XGETTEXT='/usr/bin/xgettext'
ac_ct_CC=''
ac_ct_DUMPBIN=''
all_backends='$(BFD64_BACKENDS) $(BFD32_BACKENDS)'
am__EXEEXT_FALSE=''
am__EXEEXT_TRUE='#'
am__fastdepCC_FALSE='#'
am__fastdepCC_TRUE=''
am__include='include'
am__isrc=''
am__leading_dot='.'
am__quote=''
am__tar='${AMTAR} chof - "$$tardir"'
am__untar='${AMTAR} xf -'
bfd64_libs='$(BFD64_LIBS)'
bfd_backends=' elf32-sparc.lo elfxx-sparc.lo elf-vxworks.lo elf32.lo elf.lo elflink.lo elf-attrs.lo elf-strtab.lo elf-eh-frame.lo dwarf1.lo sparclinux.lo aout32.lo elf64-sparc.lo elf64.lo sunos.lo elf64-gen.lo elf32-gen.lo'
bfd_default_target_size='32'
bfd_file_ptr='BFD_HOST_64_BIT'
bfd_machines=' cpu-sparc.lo'
bfd_ufile_ptr='BFD_HOST_U_64_BIT'
bfdincludedir='$(exec_prefix)/$(host_noncanonical)/$(target_noncanonical)/include'
bfdlibdir='$(exec_prefix)/$(host_noncanonical)/$(target_noncanonical)/lib'
bindir='${exec_prefix}/bin'
build='x86_64-unknown-linux-gnu'
build_alias='x86_64-unknown-linux-gnu'
build_cpu='x86_64'
build_os='linux-gnu'
build_vendor='unknown'
datadir='${datarootdir}'
datarootdir='${prefix}/share'
docdir='${datarootdir}/doc/${PACKAGE}'
dvidir='${docdir}'
exec_prefix='${prefix}'
havevecs='-DHAVE_bfd_elf32_sparc_vec -DHAVE_sparclinux_vec -DHAVE_bfd_elf64_sparc_vec -DHAVE_sunos_big_vec -DHAVE_bfd_elf64_little_generic_vec -DHAVE_bfd_elf64_big_generic_vec -DHAVE_bfd_elf32_little_generic_vec -DHAVE_bfd_elf32_big_generic_vec'
host='x86_64-unknown-linux-gnu'
host_alias='x86_64-unknown-linux-gnu'
host_cpu='x86_64'
host_noncanonical='x86_64-unknown-linux-gnu'
host_os='linux-gnu'
host_vendor='unknown'
htmldir='${docdir}'
includedir='${prefix}/include'
infodir='${datarootdir}/info'
install_sh='${SHELL} /home/kramer/sparcmt/lib/sim/disasm/binutils-2.22/install-sh'
libdir='${exec_prefix}/lib'
libexecdir='${exec_prefix}/libexec'
localedir='${datarootdir}/locale'
localstatedir='${prefix}/var'
mandir='${datarootdir}/man'
mkdir_p='/bin/mkdir -p'
oldincludedir='/usr/include'
pdfdir='${docdir}'
prefix='/home/kramer/sparc-linux-binutil'
program_transform_name='s&^&sparc-linux-&'
psdir='${docdir}'
sbindir='${exec_prefix}/sbin'
sharedstatedir='${prefix}/com'
supports_plugins='0'
sysconfdir='${prefix}/etc'
target='sparc-unknown-linux-gnu'
target_alias='sparc-linux'
target_cpu='sparc'
target_noncanonical='sparc-linux'
target_os='linux-gnu'
target_vendor='unknown'
tdefaults=' -DDEFAULT_VECTOR=bfd_elf32_sparc_vec -DSELECT_VECS='\''&bfd_elf32_sparc_vec,&sparclinux_vec,&bfd_elf64_sparc_vec,&sunos_big_vec,&bfd_elf64_little_generic_vec,&bfd_elf64_big_generic_vec,&bfd_elf32_little_generic_vec,&bfd_elf32_big_generic_vec'\'' -DSELECT_ARCHITECTURES='\''&bfd_sparc_arch'\'''
wordsize='64'

## ----------- ##
## confdefs.h. ##
## ----------- ##

/* confdefs.h */
#define PACKAGE_NAME ""
#define PACKAGE_TARNAME ""
#define PACKAGE_VERSION ""
#define PACKAGE_STRING ""
#define PACKAGE_BUGREPORT ""
#define PACKAGE_URL ""
#define PACKAGE "bfd"
#define VERSION "2.22"
#define STDC_HEADERS 1
#define HAVE_SYS_TYPES_H 1
#define HAVE_SYS_STAT_H 1
#define HAVE_STDLIB_H 1
#define HAVE_STRING_H 1
#define HAVE_MEMORY_H 1
#define HAVE_STRINGS_H 1
#define HAVE_INTTYPES_H 1
#define HAVE_STDINT_H 1
#define HAVE_UNISTD_H 1
#define __EXTENSIONS__ 1
#define _ALL_SOURCE 1
#define _GNU_SOURCE 1
#define _POSIX_PTHREAD_SEMANTICS 1
#define _TANDEM_SOURCE 1
#define HAVE_DLFCN_H 1
#define LT_OBJDIR ".libs/"
#define ENABLE_NLS 1
#define SIZEOF_LONG_LONG 8
#define SIZEOF_VOID_P 8
#define SIZEOF_LONG 8
#define HAVE_ALLOCA_H 1
#define HAVE_STDDEF_H 1
#define HAVE_STRING_H 1
#define HAVE_STRINGS_H 1
#define HAVE_STDLIB_H 1
#define HAVE_TIME_H 1
#define HAVE_UNISTD_H 1
#define HAVE_FCNTL_H 1
#define HAVE_SYS_FILE_H 1
#define HAVE_SYS_TIME_H 1
#define HAVE_SYS_STAT_H 1
#define TIME_WITH_SYS_TIME 1
#define HAVE_DIRENT_H 1
#define STRING_WITH_STRINGS 1
#define HAVE_FCNTL 1
#define HAVE_GETPAGESIZE 1
#define HAVE_SETITIMER 1
#define HAVE_SYSCONF 1
#define HAVE_FDOPEN 1
#define HAVE_GETUID 1
#define HAVE_GETGID 1
#define HAVE_FILENO 1
#define HAVE_STRTOULL 1
#define HAVE_DECL_BASENAME 1
#define HAVE_DECL_FTELLO 1
#define HAVE_DECL_FTELLO64 1
#define HAVE_DECL_FSEEKO 1
#define HAVE_DECL_FSEEKO64 1
#define HAVE_DECL_FFS 1
#define HAVE_DECL_FREE 1
#define HAVE_DECL_GETENV 1
#define HAVE_DECL_MALLOC 1
#define HAVE_DECL_REALLOC 1
#define HAVE_DECL_STPCPY 1
#define HAVE_DECL_STRSTR 1
#define HAVE_DECL_SNPRINTF 1
#define HAVE_DECL_VSNPRINTF 1
#define HAVE_ZLIB_H 1
#define HAVE_FTELLO 1
#define HAVE_FTELLO64 1
#define HAVE_FSEEKO 1
#define HAVE_FSEEKO64 1
#define HAVE_FOPEN64 1
#define SIZEOF_OFF_T 8
#define HAVE_STDLIB_H 1
#define HAVE_UNISTD_H 1
#define HAVE_GETPAGESIZE 1
#define HAVE_MMAP 1
#define HAVE_MADVISE 1
#define HAVE_MPROTECT 1

configure: exit 0

## ---------------------- ##
## Running config.status. ##
## ---------------------- ##

This file was extended by config.status, which was
generated by GNU Autoconf 2.64.  Invocation command line was

  CONFIG_FILES    = po/Makefile.in:po/Make-in
  CONFIG_HEADERS  = 
  CONFIG_LINKS    = 
  CONFIG_COMMANDS = 
  $ ./config.status 

on yang

config.status:1220: creating po/Makefile.in
config.status:1440: executing depfiles commands
config.status:1440: executing libtool commands
config.status:1440: executing default-1 commands
config.status:1440: executing bfd_stdint.h commands
config.status:1440: executing default commands
